[04:47:22] [Server thread/INFO]: Starting minecraft server version 1.8.8
[04:47:22] [Server thread/INFO]: Loading properties
[04:47:22] [Server thread/INFO]: Default game type: SURVIVAL
[04:47:22] [Server thread/INFO]: This server is running CraftBukkit version git-PaperSpigot-445 (MC: 1.8.8) (Implementing API version 1.8.8-R0.1-SNAPSHOT)
[04:47:23] [Server thread/INFO]: Debug logging is disabled
[04:47:23] [Server thread/INFO]: Spigot Timings: true - Verbose: true - Interval: 5m - Length: 60m
[04:47:23] [Server thread/INFO]: Server Ping Player Sample Count: 12

[04:47:23] [Server thread/INFO]: Using 4 threads for Netty based IO
[04:47:23] [Server thread/INFO]: Data value allowed items: 
[04:47:23] [Server thread/WARN]: java.lang.NoSuchFieldException: modifiers

[04:47:23] [Server thread/WARN]: 	at java.base/java.lang.Class.getDeclaredField(Class.java:2782)

[04:47:23] [Server thread/WARN]: 	at org.github.paperspigot.PaperSpigotConfig.stackableBuckets(PaperSpigotConfig.java:192)

[04:47:23] [Server thread/WARN]: 	at java.base/jdk.internal.reflect.DirectMethodHandleAccessor.invoke(DirectMethodHandleAccessor.java:103)

[04:47:23] [Server thread/WARN]: 	at java.base/java.lang.reflect.Method.invoke(Method.java:580)

[04:47:23] [Server thread/WARN]: 	at org.github.paperspigot.PaperSpigotConfig.readConfig(PaperSpigotConfig.java:84)

[04:47:23] [Server thread/WARN]: 	at org.github.paperspigot.PaperSpigotConfig.init(PaperSpigotConfig.java:62)

[04:47:23] [Server thread/WARN]: 	at net.minecraft.server.v1_8_R3.DedicatedServer.init(DedicatedServer.java:181)

[04:47:23] [Server thread/WARN]: 	at net.minecraft.server.v1_8_R3.MinecraftServer.run(MinecraftServer.java:563)

[04:47:23] [Server thread/WARN]: 	at java.base/java.lang.Thread.run(Thread.java:1583)

[04:47:23] [Server thread/INFO]: Generating keypair
[04:47:23] [Server thread/INFO]: Starting Minecraft server on localhost:25565
[04:47:23] [Server thread/INFO]: Your platform does not provide complete low-level API for accessing direct buffers reliably. Unless explicitly requested, heap buffer will always be preferred to avoid potential system unstability.
[04:47:23] [Server thread/INFO]: Using default channel type
[04:47:23] [Server thread/WARN]: Plugin `Grappling_Hook v1.1' uses the space-character (0x20) in its name `Grappling Hook' - this is discouraged
[04:47:23] [Server thread/INFO]: Set PluginClassLoader as parallel capable
[04:47:23] [Server thread/INFO]: [AutoSaveWorld] Loading AutoSaveWorld v4.15
[04:47:23] [Server thread/INFO]: [SimpleTpa] Loading SimpleTpa v6.4
[04:47:23] [Server thread/INFO]: [WorldEdit] Loading WorldEdit v6.1;no_git_id
[04:47:23] [Server thread/INFO]: [RealisticBackpacks] Loading RealisticBackpacks v1.6.4
[04:47:23] [Server thread/INFO]: [PowerMining] Loading PowerMining v2.7.5
[04:47:23] [Server thread/INFO]: [LunaChat] Loading LunaChat v3.0.16
[04:47:23] [Server thread/INFO]: [LoginSecurity] Loading LoginSecurity v3.2.0
[04:47:23] [Server thread/INFO]: [VeinMiner] Loading VeinMiner v1.11.3
[04:47:23] [Server thread/INFO]: [TreeAssist] Loading TreeAssist v5.10.21
[04:47:23] [Server thread/INFO]: [SimpleHomes] Loading SimpleHomes v2.2
[04:47:23] [Server thread/INFO]: [Grappling_Hook] Loading Grappling_Hook v1.1
[04:47:23] [Server thread/INFO]: [FarmAssist] Loading FarmAssist v2.2
[04:47:23] [Server thread/INFO]: [IronElevators] Loading IronElevators v1.02 [mc1.7.4]
[04:47:23] [Server thread/INFO]: [AutoSaveWorld] Enabling AutoSaveWorld v4.15
[04:47:24] [Server thread/WARN]: **** SERVER IS RUNNING IN OFFLINE/INSECURE MODE!
[04:47:24] [Server thread/WARN]: The server will make no attempt to authenticate usernames. Beware.
[04:47:24] [Server thread/WARN]: Whilst this makes it possible to use BungeeCord, unless access to your server is properly restricted, it also opens up the ability for hackers to connect with any username they choose.
[04:47:24] [Server thread/WARN]: Please see http://www.spigotmc.org/wiki/firewall-guide/ for further information.
[04:47:24] [Server thread/WARN]: To change this, set "online-mode" to "true" in the server.properties file.
[04:47:24] [Server thread/INFO]: **** Beginning UUID conversion, this may take A LONG time ****
[04:47:24] [Server thread/INFO]: Preparing level "world"
[04:47:24] [Server thread/INFO]: -------- World Settings For [world] --------
[04:47:24] [Server thread/INFO]: Mob Spawn Range: 4
[04:47:24] [Server thread/INFO]: Anti X-Ray: true
[04:47:24] [Server thread/INFO]: 	Engine Mode: 1
[04:47:24] [Server thread/INFO]: 	Hidden Blocks: [14, 15, 16, 21, 48, 49, 54, 56, 73, 74, 82, 129, 130]
[04:47:24] [Server thread/INFO]: 	Replace Blocks: [1, 5]
[04:47:24] [Server thread/INFO]: Nerfing mobs spawned from spawners: false
[04:47:24] [Server thread/INFO]: Cactus Growth Modifier: 100%
[04:47:24] [Server thread/INFO]: Cane Growth Modifier: 100%
[04:47:24] [Server thread/INFO]: Melon Growth Modifier: 100%
[04:47:24] [Server thread/INFO]: Mushroom Growth Modifier: 100%
[04:47:24] [Server thread/INFO]: Pumpkin Growth Modifier: 100%
[04:47:24] [Server thread/INFO]: Sapling Growth Modifier: 100%
[04:47:24] [Server thread/INFO]: Wheat Growth Modifier: 100%
[04:47:24] [Server thread/INFO]: NetherWart Growth Modifier: 100%
[04:47:24] [Server thread/INFO]: Entity Activation Range: An 32 / Mo 32 / Mi 16
[04:47:24] [Server thread/INFO]: Entity Tracking Range: Pl 48 / An 48 / Mo 48 / Mi 32 / Other 64
[04:47:24] [Server thread/INFO]: Hopper Transfer: 8 Hopper Check: 8 Hopper Amount: 1
[04:47:24] [Server thread/INFO]: Random Lighting Updates: false
[04:47:24] [Server thread/INFO]: Structure Info Saving: true
[04:47:24] [Server thread/INFO]: Sending up to 10 chunks per packet
[04:47:24] [Server thread/INFO]: Max Entity Collisions: 8
[04:47:24] [Server thread/INFO]: Custom Map Seeds:  Village: 10387312 Feature: 14357617
[04:47:24] [Server thread/INFO]: Max TNT Explosions: 100
[04:47:24] [Server thread/INFO]: Tile Max Tick Time: 50ms Entity max Tick Time: 50ms
[04:47:24] [Server thread/INFO]: Item Despawn Rate: 6000
[04:47:24] [Server thread/INFO]: Item Merge Radius: 2.5
[04:47:24] [Server thread/INFO]: Arrow Despawn Rate: 1200
[04:47:24] [Server thread/INFO]: Allow Zombie Pigmen to spawn from portal blocks: true
[04:47:24] [Server thread/INFO]: View Distance: 4
[04:47:24] [Server thread/INFO]: Zombie Aggressive Towards Villager: true
[04:47:24] [Server thread/INFO]: Chunks to Grow per Tick: 650
[04:47:24] [Server thread/INFO]: Clear tick list: false
[04:47:24] [Server thread/INFO]: Experience Merge Radius: 3.0
[04:47:24] [Server thread/INFO]: -------- World Settings For [world] --------
[04:47:24] [Server thread/INFO]: Player blocking damage multiplier set to 0.5
[04:47:24] [Server thread/INFO]: Remove invalid mob spawner tile entities: true
[04:47:24] [Server thread/INFO]: Squids will spawn between Y: 45.0 and Y: 63.0
[04:47:24] [Server thread/INFO]: Max height for cactus growth 3. Max height for reed growth 3
[04:47:24] [Server thread/INFO]: Living Entity Despawn Ranges:  Soft: 32 Hard: 128
[04:47:24] [Server thread/INFO]: Water over lava flow speed: 5
[04:47:24] [Server thread/INFO]: Fix TNT cannons: false
[04:47:24] [Server thread/INFO]: Allow undead horse types to be leashed: false
[04:47:24] [Server thread/INFO]: Keep spawn chunk loaded: true
[04:47:24] [Server thread/INFO]: World async lighting: false
[04:47:24] [Server thread/INFO]: WorldServer TickNextTick cap set at 10000
[04:47:24] [Server thread/INFO]: WorldServer TickNextTickList cap always processes redstone: false
[04:47:24] [Server thread/INFO]: -------- World Settings For [world_nether] --------
[04:47:24] [Server thread/INFO]: Mob Spawn Range: 4
[04:47:24] [Server thread/INFO]: Anti X-Ray: true
[04:47:24] [Server thread/INFO]: 	Engine Mode: 1
[04:47:24] [Server thread/INFO]: 	Hidden Blocks: [14, 15, 16, 21, 48, 49, 54, 56, 73, 74, 82, 129, 130]
[04:47:24] [Server thread/INFO]: 	Replace Blocks: [1, 5]
[04:47:24] [Server thread/INFO]: Nerfing mobs spawned from spawners: false
[04:47:24] [Server thread/INFO]: Cactus Growth Modifier: 100%
[04:47:24] [Server thread/INFO]: Cane Growth Modifier: 100%
[04:47:24] [Server thread/INFO]: Melon Growth Modifier: 100%
[04:47:24] [Server thread/INFO]: Mushroom Growth Modifier: 100%
[04:47:24] [Server thread/INFO]: Pumpkin Growth Modifier: 100%
[04:47:24] [Server thread/INFO]: Sapling Growth Modifier: 100%
[04:47:24] [Server thread/INFO]: Wheat Growth Modifier: 100%
[04:47:24] [Server thread/INFO]: NetherWart Growth Modifier: 100%
[04:47:24] [Server thread/INFO]: Entity Activation Range: An 32 / Mo 32 / Mi 16
[04:47:24] [Server thread/INFO]: Entity Tracking Range: Pl 48 / An 48 / Mo 48 / Mi 32 / Other 64
[04:47:24] [Server thread/INFO]: Hopper Transfer: 8 Hopper Check: 8 Hopper Amount: 1
[04:47:24] [Server thread/INFO]: Random Lighting Updates: false
[04:47:24] [Server thread/INFO]: Structure Info Saving: true
[04:47:24] [Server thread/INFO]: Sending up to 10 chunks per packet
[04:47:24] [Server thread/INFO]: Max Entity Collisions: 8
[04:47:24] [Server thread/INFO]: Custom Map Seeds:  Village: 10387312 Feature: 14357617
[04:47:24] [Server thread/INFO]: Max TNT Explosions: 100
[04:47:24] [Server thread/INFO]: Tile Max Tick Time: 50ms Entity max Tick Time: 50ms
[04:47:24] [Server thread/INFO]: Item Despawn Rate: 6000
[04:47:24] [Server thread/INFO]: Item Merge Radius: 2.5
[04:47:24] [Server thread/INFO]: Arrow Despawn Rate: 1200
[04:47:24] [Server thread/INFO]: Allow Zombie Pigmen to spawn from portal blocks: true
[04:47:24] [Server thread/INFO]: View Distance: 4
[04:47:24] [Server thread/INFO]: Zombie Aggressive Towards Villager: true
[04:47:24] [Server thread/INFO]: Chunks to Grow per Tick: 650
[04:47:24] [Server thread/INFO]: Clear tick list: false
[04:47:24] [Server thread/INFO]: Experience Merge Radius: 3.0
[04:47:24] [Server thread/INFO]: -------- World Settings For [world_nether] --------
[04:47:24] [Server thread/INFO]: Player blocking damage multiplier set to 0.5
[04:47:24] [Server thread/INFO]: Remove invalid mob spawner tile entities: true
[04:47:24] [Server thread/INFO]: Squids will spawn between Y: 45.0 and Y: 63.0
[04:47:24] [Server thread/INFO]: Max height for cactus growth 3. Max height for reed growth 3
[04:47:24] [Server thread/INFO]: Living Entity Despawn Ranges:  Soft: 32 Hard: 128
[04:47:24] [Server thread/INFO]: Water over lava flow speed: 5
[04:47:24] [Server thread/INFO]: Fix TNT cannons: false
[04:47:24] [Server thread/INFO]: Allow undead horse types to be leashed: false
[04:47:24] [Server thread/INFO]: Keep spawn chunk loaded: true
[04:47:24] [Server thread/INFO]: World async lighting: false
[04:47:24] [Server thread/INFO]: WorldServer TickNextTick cap set at 10000
[04:47:24] [Server thread/INFO]: WorldServer TickNextTickList cap always processes redstone: false
[04:47:25] [Server thread/INFO]: -------- World Settings For [world_the_end] --------
[04:47:25] [Server thread/INFO]: Mob Spawn Range: 4
[04:47:25] [Server thread/INFO]: Anti X-Ray: true
[04:47:25] [Server thread/INFO]: 	Engine Mode: 1
[04:47:25] [Server thread/INFO]: 	Hidden Blocks: [14, 15, 16, 21, 48, 49, 54, 56, 73, 74, 82, 129, 130]
[04:47:25] [Server thread/INFO]: 	Replace Blocks: [1, 5]
[04:47:25] [Server thread/INFO]: Nerfing mobs spawned from spawners: false
[04:47:25] [Server thread/INFO]: Cactus Growth Modifier: 100%
[04:47:25] [Server thread/INFO]: Cane Growth Modifier: 100%
[04:47:25] [Server thread/INFO]: Melon Growth Modifier: 100%
[04:47:25] [Server thread/INFO]: Mushroom Growth Modifier: 100%
[04:47:25] [Server thread/INFO]: Pumpkin Growth Modifier: 100%
[04:47:25] [Server thread/INFO]: Sapling Growth Modifier: 100%
[04:47:25] [Server thread/INFO]: Wheat Growth Modifier: 100%
[04:47:25] [Server thread/INFO]: NetherWart Growth Modifier: 100%
[04:47:25] [Server thread/INFO]: Entity Activation Range: An 32 / Mo 32 / Mi 16
[04:47:25] [Server thread/INFO]: Entity Tracking Range: Pl 48 / An 48 / Mo 48 / Mi 32 / Other 64
[04:47:25] [Server thread/INFO]: Hopper Transfer: 8 Hopper Check: 8 Hopper Amount: 1
[04:47:25] [Server thread/INFO]: Random Lighting Updates: false
[04:47:25] [Server thread/INFO]: Structure Info Saving: true
[04:47:25] [Server thread/INFO]: Sending up to 10 chunks per packet
[04:47:25] [Server thread/INFO]: Max Entity Collisions: 8
[04:47:25] [Server thread/INFO]: Custom Map Seeds:  Village: 10387312 Feature: 14357617
[04:47:25] [Server thread/INFO]: Max TNT Explosions: 100
[04:47:25] [Server thread/INFO]: Tile Max Tick Time: 50ms Entity max Tick Time: 50ms
[04:47:25] [Server thread/INFO]: Item Despawn Rate: 6000
[04:47:25] [Server thread/INFO]: Item Merge Radius: 2.5
[04:47:25] [Server thread/INFO]: Arrow Despawn Rate: 1200
[04:47:25] [Server thread/INFO]: Allow Zombie Pigmen to spawn from portal blocks: true
[04:47:25] [Server thread/INFO]: View Distance: 4
[04:47:25] [Server thread/INFO]: Zombie Aggressive Towards Villager: true
[04:47:25] [Server thread/INFO]: Chunks to Grow per Tick: 650
[04:47:25] [Server thread/INFO]: Clear tick list: false
[04:47:25] [Server thread/INFO]: Experience Merge Radius: 3.0
[04:47:25] [Server thread/INFO]: -------- World Settings For [world_the_end] --------
[04:47:25] [Server thread/INFO]: Player blocking damage multiplier set to 0.5
[04:47:25] [Server thread/INFO]: Remove invalid mob spawner tile entities: true
[04:47:25] [Server thread/INFO]: Squids will spawn between Y: 45.0 and Y: 63.0
[04:47:25] [Server thread/INFO]: Max height for cactus growth 3. Max height for reed growth 3
[04:47:25] [Server thread/INFO]: Living Entity Despawn Ranges:  Soft: 32 Hard: 128
[04:47:25] [Server thread/INFO]: Water over lava flow speed: 5
[04:47:25] [Server thread/INFO]: Fix TNT cannons: false
[04:47:25] [Server thread/INFO]: Allow undead horse types to be leashed: false
[04:47:25] [Server thread/INFO]: Keep spawn chunk loaded: true
[04:47:25] [Server thread/INFO]: World async lighting: false
[04:47:25] [Server thread/INFO]: WorldServer TickNextTick cap set at 10000
[04:47:25] [Server thread/INFO]: WorldServer TickNextTickList cap always processes redstone: false
[04:47:25] [Server thread/INFO]: Preparing start region for level 0 (Seed: 7849348566813665652)
[04:47:26] [Server thread/INFO]: Preparing spawn area: 8%
[04:47:27] [Server thread/INFO]: Preparing spawn area: 43%
[04:47:27] [Server thread/INFO]: Preparing start region for level 1 (Seed: 4915869268794359859)
[04:47:28] [Server thread/INFO]: Preparing spawn area: 66%
[04:47:28] [Server thread/INFO]: Preparing start region for level 2 (Seed: 4915869268794359859)
[04:47:29] [Server thread/INFO]: [SimpleTpa] Enabling SimpleTpa v6.4
[04:47:29] [Server thread/INFO]: [0;33;1m[21m[SimpleTpa] If you need support contact me at https://discord.gg/SZUkza9[m

[04:47:29] [Server thread/INFO]: [0;33;1m[21m[SimpleTpa] Simple Tpa has been enabled on version 6.4[m

[04:47:29] [Server thread/INFO]: Enabled metrics. You may opt-out by changing plugins/bStats/config.yml
[04:47:29] [Server thread/INFO]: [WorldEdit] Enabling WorldEdit v6.1;no_git_id
[04:47:29] [Server thread/INFO]: WEPIF: Using the Bukkit Permissions API.
[04:47:29] [Server thread/INFO]: [WorldEdit] Using com.sk89q.worldedit.bukkit.adapter.impl.Spigot_v1_8_R3 as the Bukkit adapter
[04:47:29] [Server thread/INFO]: [RealisticBackpacks] Enabling RealisticBackpacks v1.6.4
[04:47:29] [Server thread/INFO]: [RealisticBackpacks] Glow effect will not work with this version of craftbukkit!
[04:47:29] [Server thread/INFO]: [RealisticBackpacks] Vault not found, economy features disabled.
[04:47:29] [Server thread/INFO]: [RealisticBackpacks] Realistic Backpacks has been enabled.
[04:47:29] [Server thread/INFO]: [PowerMining] Enabling PowerMining v2.7.5
[04:47:29] [Server thread/INFO]: [PowerMining] PowerMining plugin was enabled.
[04:47:29] [Server thread/INFO]: [PowerMining] Finished processing config file.
[04:47:29] [Server thread/INFO]: [LunaChat] Enabling LunaChat v3.0.16
[04:47:29] [Server thread/INFO]: [LoginSecurity] Enabling LoginSecurity v3.2.0
[04:47:29] [Server thread/INFO]: [LoginSecurity] Loading base translations from "en_us"
[04:47:29] [Server thread/INFO]: [LoginSecurity] Loading specified translations from "en_us"
[04:47:29] [Server thread/INFO]: [LoginSecurity] Registering commands...
[04:47:29] [Server thread/INFO]: [LoginSecurity] Registering listeners...
[04:47:29] [Server thread/INFO]: [VeinMiner] Enabling VeinMiner v1.11.3
[04:47:29] [Server thread/INFO]: [VeinMiner] Registering events
[04:47:29] [Server thread/INFO]: [VeinMiner] Registering commands
[04:47:29] [Server thread/INFO]: [VeinMiner] Enabling Plugin Metrics
[04:47:29] [Server thread/INFO]: [VeinMiner] Thank you for enabling Metrics! I greatly appreciate the use of plugin statistics
[04:47:29] [Server thread/INFO]: [VeinMiner] Loading configuration options to local memory
[04:47:29] [Server thread/WARN]: [VeinMiner] Block id BEETROOT_BLOCK not found! Ignoring
[04:47:29] [Server thread/INFO]: [VeinMiner] Unknown world found... "WorldName". Ignoring...
[04:47:30] [Server thread/INFO]: [TreeAssist] Enabling TreeAssist v5.10.21
[04:47:30] [Server thread/INFO]: [TreeAssist] debugging: off
[04:47:30] [Server thread/INFO]: [SimpleHomes] Enabling SimpleHomes v2.2
[04:47:30] [Server thread/INFO]: [Grappling_Hook] Enabling Grappling_Hook v1.1
[04:47:30] [Server thread/INFO]: [FarmAssist] Enabling FarmAssist v2.2
[04:47:30] [Server thread/INFO]: [IronElevators] Enabling IronElevators v1.02 [mc1.7.4]
[04:47:30] [Server thread/INFO]: Server permissions file permissions.yml is empty, ignoring it
[04:47:30] [Server thread/INFO]: Done (5.989s)! For help, type "help" or "?"
[04:47:30] [Server thread/INFO]: Timings Reset
[04:47:31] [Craft Scheduler Thread - 0/INFO]: [0;31;1m[21m[SimpleTpa] There is a new update available.[m

[04:47:31] [Craft Scheduler Thread - 0/INFO]: [0;31;1m[SimpleTpa] There is a new update available:[m

[04:47:31] [Craft Scheduler Thread - 0/INFO]: [0;31;1m[SimpleTpa] https://www.spigotmc.org/resources/simple-tpa.64270/[m

[04:48:26] [Thread-7/INFO]: UUID of player TINED is f01aaf6d-7128-39d0-8ec2-f154409241f1
[04:48:26] [Server thread/INFO]: TINED[/[0:0:0:0:0:0:0:1]:55386] logged in with entity id 298 at ([world]-180.16577730023644, 153.0, 143.6699627524699)
[04:52:53] [Server thread/WARN]: Excessive velocity set detected: tried to set velocity of entity #5051 to (-5.495658863366981,1.826017771953158,-4.12664885273059).
[04:52:53] [Server thread/WARN]: java.lang.Exception: Stack trace

[04:52:53] [Server thread/WARN]: 	at java.base/java.lang.Thread.dumpStack(Thread.java:2209)

[04:52:53] [Server thread/WARN]: 	at org.bukkit.craftbukkit.v1_8_R3.entity.CraftEntity.setVelocity(CraftEntity.java:213)

[04:52:53] [Server thread/WARN]: 	at me.nick.gh.Main.grappleHook(Main.java:64)

[04:52:53] [Server thread/WARN]: 	at java.base/jdk.internal.reflect.DirectMethodHandleAccessor.invoke(DirectMethodHandleAccessor.java:103)

[04:52:53] [Server thread/WARN]: 	at java.base/java.lang.reflect.Method.invoke(Method.java:580)

[04:52:53] [Server thread/WARN]: 	at org.bukkit.plugin.java.JavaPluginLoader$1.execute(JavaPluginLoader.java:300)

[04:52:53] [Server thread/WARN]: 	at co.aikar.timings.TimedEventExecutor.execute(TimedEventExecutor.java:78)

[04:52:53] [Server thread/WARN]: 	at org.bukkit.plugin.RegisteredListener.callEvent(RegisteredListener.java:62)

[04:52:53] [Server thread/WARN]: 	at org.bukkit.plugin.SimplePluginManager.fireEvent(SimplePluginManager.java:517)

[04:52:53] [Server thread/WARN]: 	at org.bukkit.plugin.SimplePluginManager.callEvent(SimplePluginManager.java:502)

[04:52:53] [Server thread/WARN]: 	at org.bukkit.craftbukkit.v1_8_R3.event.CraftEventFactory.callProjectileLaunchEvent(CraftEventFactory.java:754)

[04:52:53] [Server thread/WARN]: 	at net.minecraft.server.v1_8_R3.World.addEntity(World.java:1024)

[04:52:53] [Server thread/WARN]: 	at net.minecraft.server.v1_8_R3.World.addEntity(World.java:991)

[04:52:53] [Server thread/WARN]: 	at net.minecraft.server.v1_8_R3.ItemFishingRod.a(ItemFishingRod.java:32)

[04:52:53] [Server thread/WARN]: 	at net.minecraft.server.v1_8_R3.ItemStack.a(ItemStack.java:236)

[04:52:53] [Server thread/WARN]: 	at net.minecraft.server.v1_8_R3.PlayerInteractManager.useItem(PlayerInteractManager.java:371)

[04:52:53] [Server thread/WARN]: 	at net.minecraft.server.v1_8_R3.PlayerConnection.a(PlayerConnection.java:734)

[04:52:53] [Server thread/WARN]: 	at net.minecraft.server.v1_8_R3.PacketPlayInBlockPlace.a(PacketPlayInBlockPlace.java:52)

[04:52:53] [Server thread/WARN]: 	at net.minecraft.server.v1_8_R3.PacketPlayInBlockPlace.a(PacketPlayInBlockPlace.java:1)

[04:52:53] [Server thread/WARN]: 	at net.minecraft.server.v1_8_R3.PlayerConnectionUtils$1.run(SourceFile:13)

[04:52:53] [Server thread/WARN]: 	at java.base/java.util.concurrent.Executors$RunnableAdapter.call(Executors.java:572)

[04:52:53] [Server thread/WARN]: 	at java.base/java.util.concurrent.FutureTask.run(FutureTask.java:317)

[04:52:53] [Server thread/WARN]: 	at net.minecraft.server.v1_8_R3.SystemUtils.a(SourceFile:44)

[04:52:53] [Server thread/WARN]: 	at net.minecraft.server.v1_8_R3.MinecraftServer.B(MinecraftServer.java:774)

[04:52:53] [Server thread/WARN]: 	at net.minecraft.server.v1_8_R3.DedicatedServer.B(DedicatedServer.java:378)

[04:52:53] [Server thread/WARN]: 	at net.minecraft.server.v1_8_R3.MinecraftServer.A(MinecraftServer.java:713)

[04:52:53] [Server thread/WARN]: 	at net.minecraft.server.v1_8_R3.MinecraftServer.run(MinecraftServer.java:616)

[04:52:53] [Server thread/WARN]: 	at java.base/java.lang.Thread.run(Thread.java:1583)

[04:52:53] [Server thread/WARN]: Excessive velocity set detected: tried to set velocity of entity #298 to (-5.495658863366981,1.826017771953158,-4.12664885273059).
[04:52:53] [Server thread/WARN]: java.lang.Exception: Stack trace

[04:52:53] [Server thread/WARN]: 	at java.base/java.lang.Thread.dumpStack(Thread.java:2209)

[04:52:53] [Server thread/WARN]: 	at org.bukkit.craftbukkit.v1_8_R3.entity.CraftEntity.setVelocity(CraftEntity.java:213)

[04:52:53] [Server thread/WARN]: 	at me.nick.gh.Main$1.run(Main.java:73)

[04:52:53] [Server thread/WARN]: 	at org.bukkit.craftbukkit.v1_8_R3.scheduler.CraftTask.run(CraftTask.java:59)

[04:52:53] [Server thread/WARN]: 	at org.bukkit.craftbukkit.v1_8_R3.scheduler.CraftScheduler.mainThreadHeartbeat(CraftScheduler.java:352)

[04:52:53] [Server thread/WARN]: 	at net.minecraft.server.v1_8_R3.MinecraftServer.B(MinecraftServer.java:783)

[04:52:53] [Server thread/WARN]: 	at net.minecraft.server.v1_8_R3.DedicatedServer.B(DedicatedServer.java:378)

[04:52:53] [Server thread/WARN]: 	at net.minecraft.server.v1_8_R3.MinecraftServer.A(MinecraftServer.java:713)

[04:52:53] [Server thread/WARN]: 	at net.minecraft.server.v1_8_R3.MinecraftServer.run(MinecraftServer.java:616)

[04:52:53] [Server thread/WARN]: 	at java.base/java.lang.Thread.run(Thread.java:1583)

[04:53:43] [Server thread/WARN]: Excessive velocity set detected: tried to set velocity of entity #5729 to (2.8015506492438393,1.631318860933113,4.423891737140965).
[04:53:43] [Server thread/WARN]: java.lang.Exception: Stack trace

[04:53:43] [Server thread/WARN]: 	at java.base/java.lang.Thread.dumpStack(Thread.java:2209)

[04:53:43] [Server thread/WARN]: 	at org.bukkit.craftbukkit.v1_8_R3.entity.CraftEntity.setVelocity(CraftEntity.java:213)

[04:53:43] [Server thread/WARN]: 	at me.nick.gh.Main.grappleHook(Main.java:64)

[04:53:43] [Server thread/WARN]: 	at java.base/jdk.internal.reflect.DirectMethodHandleAccessor.invoke(DirectMethodHandleAccessor.java:103)

[04:53:43] [Server thread/WARN]: 	at java.base/java.lang.reflect.Method.invoke(Method.java:580)

[04:53:43] [Server thread/WARN]: 	at org.bukkit.plugin.java.JavaPluginLoader$1.execute(JavaPluginLoader.java:300)

[04:53:43] [Server thread/WARN]: 	at co.aikar.timings.TimedEventExecutor.execute(TimedEventExecutor.java:78)

[04:53:43] [Server thread/WARN]: 	at org.bukkit.plugin.RegisteredListener.callEvent(RegisteredListener.java:62)

[04:53:43] [Server thread/WARN]: 	at org.bukkit.plugin.SimplePluginManager.fireEvent(SimplePluginManager.java:517)

[04:53:43] [Server thread/WARN]: 	at org.bukkit.plugin.SimplePluginManager.callEvent(SimplePluginManager.java:502)

[04:53:43] [Server thread/WARN]: 	at org.bukkit.craftbukkit.v1_8_R3.event.CraftEventFactory.callProjectileLaunchEvent(CraftEventFactory.java:754)

[04:53:43] [Server thread/WARN]: 	at net.minecraft.server.v1_8_R3.World.addEntity(World.java:1024)

[04:53:43] [Server thread/WARN]: 	at net.minecraft.server.v1_8_R3.World.addEntity(World.java:991)

[04:53:43] [Server thread/WARN]: 	at net.minecraft.server.v1_8_R3.ItemFishingRod.a(ItemFishingRod.java:32)

[04:53:43] [Server thread/WARN]: 	at net.minecraft.server.v1_8_R3.ItemStack.a(ItemStack.java:236)

[04:53:43] [Server thread/WARN]: 	at net.minecraft.server.v1_8_R3.PlayerInteractManager.useItem(PlayerInteractManager.java:371)

[04:53:43] [Server thread/WARN]: 	at net.minecraft.server.v1_8_R3.PlayerConnection.a(PlayerConnection.java:734)

[04:53:43] [Server thread/WARN]: 	at net.minecraft.server.v1_8_R3.PacketPlayInBlockPlace.a(PacketPlayInBlockPlace.java:52)

[04:53:43] [Server thread/WARN]: 	at net.minecraft.server.v1_8_R3.PacketPlayInBlockPlace.a(PacketPlayInBlockPlace.java:1)

[04:53:43] [Server thread/WARN]: 	at net.minecraft.server.v1_8_R3.PlayerConnectionUtils$1.run(SourceFile:13)

[04:53:43] [Server thread/WARN]: 	at java.base/java.util.concurrent.Executors$RunnableAdapter.call(Executors.java:572)

[04:53:43] [Server thread/WARN]: 	at java.base/java.util.concurrent.FutureTask.run(FutureTask.java:317)

[04:53:43] [Server thread/WARN]: 	at net.minecraft.server.v1_8_R3.SystemUtils.a(SourceFile:44)

[04:53:43] [Server thread/WARN]: 	at net.minecraft.server.v1_8_R3.MinecraftServer.B(MinecraftServer.java:774)

[04:53:43] [Server thread/WARN]: 	at net.minecraft.server.v1_8_R3.DedicatedServer.B(DedicatedServer.java:378)

[04:53:43] [Server thread/WARN]: 	at net.minecraft.server.v1_8_R3.MinecraftServer.A(MinecraftServer.java:713)

[04:53:43] [Server thread/WARN]: 	at net.minecraft.server.v1_8_R3.MinecraftServer.run(MinecraftServer.java:616)

[04:53:43] [Server thread/WARN]: 	at java.base/java.lang.Thread.run(Thread.java:1583)

[04:53:44] [Server thread/WARN]: Excessive velocity set detected: tried to set velocity of entity #298 to (2.8015506492438393,1.631318860933113,4.423891737140965).
[04:53:44] [Server thread/WARN]: java.lang.Exception: Stack trace

[04:53:44] [Server thread/WARN]: 	at java.base/java.lang.Thread.dumpStack(Thread.java:2209)

[04:53:44] [Server thread/WARN]: 	at org.bukkit.craftbukkit.v1_8_R3.entity.CraftEntity.setVelocity(CraftEntity.java:213)

[04:53:44] [Server thread/WARN]: 	at me.nick.gh.Main$1.run(Main.java:73)

[04:53:44] [Server thread/WARN]: 	at org.bukkit.craftbukkit.v1_8_R3.scheduler.CraftTask.run(CraftTask.java:59)

[04:53:44] [Server thread/WARN]: 	at org.bukkit.craftbukkit.v1_8_R3.scheduler.CraftScheduler.mainThreadHeartbeat(CraftScheduler.java:352)

[04:53:44] [Server thread/WARN]: 	at net.minecraft.server.v1_8_R3.MinecraftServer.B(MinecraftServer.java:783)

[04:53:44] [Server thread/WARN]: 	at net.minecraft.server.v1_8_R3.DedicatedServer.B(DedicatedServer.java:378)

[04:53:44] [Server thread/WARN]: 	at net.minecraft.server.v1_8_R3.MinecraftServer.A(MinecraftServer.java:713)

[04:53:44] [Server thread/WARN]: 	at net.minecraft.server.v1_8_R3.MinecraftServer.run(MinecraftServer.java:616)

[04:53:44] [Server thread/WARN]: 	at java.base/java.lang.Thread.run(Thread.java:1583)

[04:54:58] [Server thread/INFO]: TINED was blown up by Creeper
[04:55:05] [Server thread/INFO]: TINED issued server command: /back
[04:55:08] [Server thread/INFO]: TINED issued server command: /back
[04:55:47] [Server thread/WARN]: Excessive velocity set detected: tried to set velocity of entity #6709 to (2.742927026386557,7.390000091003623,2.412953140782946).
[04:55:47] [Server thread/WARN]: java.lang.Exception: Stack trace

[04:55:47] [Server thread/WARN]: 	at java.base/java.lang.Thread.dumpStack(Thread.java:2209)

[04:55:47] [Server thread/WARN]: 	at org.bukkit.craftbukkit.v1_8_R3.entity.CraftEntity.setVelocity(CraftEntity.java:213)

[04:55:47] [Server thread/WARN]: 	at me.nick.gh.Main.grappleHook(Main.java:64)

[04:55:47] [Server thread/WARN]: 	at java.base/jdk.internal.reflect.DirectMethodHandleAccessor.invoke(DirectMethodHandleAccessor.java:103)

[04:55:47] [Server thread/WARN]: 	at java.base/java.lang.reflect.Method.invoke(Method.java:580)

[04:55:47] [Server thread/WARN]: 	at org.bukkit.plugin.java.JavaPluginLoader$1.execute(JavaPluginLoader.java:300)

[04:55:47] [Server thread/WARN]: 	at co.aikar.timings.TimedEventExecutor.execute(TimedEventExecutor.java:78)

[04:55:47] [Server thread/WARN]: 	at org.bukkit.plugin.RegisteredListener.callEvent(RegisteredListener.java:62)

[04:55:47] [Server thread/WARN]: 	at org.bukkit.plugin.SimplePluginManager.fireEvent(SimplePluginManager.java:517)

[04:55:47] [Server thread/WARN]: 	at org.bukkit.plugin.SimplePluginManager.callEvent(SimplePluginManager.java:502)

[04:55:47] [Server thread/WARN]: 	at org.bukkit.craftbukkit.v1_8_R3.event.CraftEventFactory.callProjectileLaunchEvent(CraftEventFactory.java:754)

[04:55:47] [Server thread/WARN]: 	at net.minecraft.server.v1_8_R3.World.addEntity(World.java:1024)

[04:55:47] [Server thread/WARN]: 	at net.minecraft.server.v1_8_R3.World.addEntity(World.java:991)

[04:55:47] [Server thread/WARN]: 	at net.minecraft.server.v1_8_R3.ItemFishingRod.a(ItemFishingRod.java:32)

[04:55:47] [Server thread/WARN]: 	at net.minecraft.server.v1_8_R3.ItemStack.a(ItemStack.java:236)

[04:55:47] [Server thread/WARN]: 	at net.minecraft.server.v1_8_R3.PlayerInteractManager.useItem(PlayerInteractManager.java:371)

[04:55:47] [Server thread/WARN]: 	at net.minecraft.server.v1_8_R3.PlayerConnection.a(PlayerConnection.java:734)

[04:55:47] [Server thread/WARN]: 	at net.minecraft.server.v1_8_R3.PacketPlayInBlockPlace.a(PacketPlayInBlockPlace.java:52)

[04:55:47] [Server thread/WARN]: 	at net.minecraft.server.v1_8_R3.PacketPlayInBlockPlace.a(PacketPlayInBlockPlace.java:1)

[04:55:47] [Server thread/WARN]: 	at net.minecraft.server.v1_8_R3.PlayerConnectionUtils$1.run(SourceFile:13)

[04:55:47] [Server thread/WARN]: 	at java.base/java.util.concurrent.Executors$RunnableAdapter.call(Executors.java:572)

[04:55:47] [Server thread/WARN]: 	at java.base/java.util.concurrent.FutureTask.run(FutureTask.java:317)

[04:55:47] [Server thread/WARN]: 	at net.minecraft.server.v1_8_R3.SystemUtils.a(SourceFile:44)

[04:55:47] [Server thread/WARN]: 	at net.minecraft.server.v1_8_R3.MinecraftServer.B(MinecraftServer.java:774)

[04:55:47] [Server thread/WARN]: 	at net.minecraft.server.v1_8_R3.DedicatedServer.B(DedicatedServer.java:378)

[04:55:47] [Server thread/WARN]: 	at net.minecraft.server.v1_8_R3.MinecraftServer.A(MinecraftServer.java:713)

[04:55:47] [Server thread/WARN]: 	at net.minecraft.server.v1_8_R3.MinecraftServer.run(MinecraftServer.java:616)

[04:55:47] [Server thread/WARN]: 	at java.base/java.lang.Thread.run(Thread.java:1583)

[04:55:47] [Server thread/WARN]: Excessive velocity set detected: tried to set velocity of entity #298 to (2.742927026386557,7.390000091003623,2.412953140782946).
[04:55:47] [Server thread/WARN]: java.lang.Exception: Stack trace

[04:55:47] [Server thread/WARN]: 	at java.base/java.lang.Thread.dumpStack(Thread.java:2209)

[04:55:47] [Server thread/WARN]: 	at org.bukkit.craftbukkit.v1_8_R3.entity.CraftEntity.setVelocity(CraftEntity.java:213)

[04:55:47] [Server thread/WARN]: 	at me.nick.gh.Main$1.run(Main.java:73)

[04:55:47] [Server thread/WARN]: 	at org.bukkit.craftbukkit.v1_8_R3.scheduler.CraftTask.run(CraftTask.java:59)

[04:55:47] [Server thread/WARN]: 	at org.bukkit.craftbukkit.v1_8_R3.scheduler.CraftScheduler.mainThreadHeartbeat(CraftScheduler.java:352)

[04:55:47] [Server thread/WARN]: 	at net.minecraft.server.v1_8_R3.MinecraftServer.B(MinecraftServer.java:783)

[04:55:47] [Server thread/WARN]: 	at net.minecraft.server.v1_8_R3.DedicatedServer.B(DedicatedServer.java:378)

[04:55:47] [Server thread/WARN]: 	at net.minecraft.server.v1_8_R3.MinecraftServer.A(MinecraftServer.java:713)

[04:55:47] [Server thread/WARN]: 	at net.minecraft.server.v1_8_R3.MinecraftServer.run(MinecraftServer.java:616)

[04:55:47] [Server thread/WARN]: 	at java.base/java.lang.Thread.run(Thread.java:1583)

[04:56:22] [Thread-9/INFO]: UUID of player sabe_zitsuoEX is e5057a68-a711-37d5-92d1-01b0b45abd90
[04:56:22] [Server thread/INFO]: sabe_zitsuoEX[/[0:0:0:0:0:0:0:1]:41720] logged in with entity id 7465 at ([world]-217.20035657364514, 66.0, 35.118980711095695)
[04:56:27] [Server thread/INFO]: TINED issued server command: /kick sabe_zitsuoEX
[04:56:27] [Server thread/INFO]: sabe_zitsuoEX lost connection: Kicked by an operator.
[04:56:27] [Server thread/INFO]: sabe_zitsuoEX left the game.
[04:56:27] [Server thread/INFO]: [TINED: Kicked sabe_zitsuoEX from the game]
[04:56:27] [Server thread/WARN]: handleDisconnection() called twice
[04:56:43] [Thread-10/INFO]: UUID of player sabe_zitsuoEX is e5057a68-a711-37d5-92d1-01b0b45abd90
[04:56:43] [Server thread/INFO]: sabe_zitsuoEX[/[0:0:0:0:0:0:0:1]:50114] logged in with entity id 8236 at ([world]-217.20035657364514, 66.0, 35.118980711095695)
[04:56:45] [Server thread/INFO]: TINED issued server command: /kick sabe_zitsuoEX
[04:56:45] [Server thread/INFO]: sabe_zitsuoEX lost connection: Kicked by an operator.
[04:56:45] [Server thread/INFO]: sabe_zitsuoEX left the game.
[04:56:45] [Server thread/INFO]: [TINED: Kicked sabe_zitsuoEX from the game]
[04:56:45] [Server thread/WARN]: handleDisconnection() called twice
[04:56:52] [Thread-11/INFO]: UUID of player sabe_zitsuoEX is e5057a68-a711-37d5-92d1-01b0b45abd90
[04:56:52] [Server thread/INFO]: sabe_zitsuoEX[/[0:0:0:0:0:0:0:1]:56456] logged in with entity id 8648 at ([world]-217.20035657364514, 66.0, 35.118980711095695)
[04:56:54] [Server thread/INFO]: TINED issued server command: /kick sabe_zitsuoEX
[04:56:54] [Server thread/INFO]: sabe_zitsuoEX lost connection: Kicked by an operator.
[04:56:54] [Server thread/INFO]: sabe_zitsuoEX left the game.
[04:56:54] [Server thread/INFO]: [TINED: Kicked sabe_zitsuoEX from the game]
[04:56:57] [Thread-12/INFO]: UUID of player sabe_zitsuoEX is e5057a68-a711-37d5-92d1-01b0b45abd90
[04:56:57] [Server thread/INFO]: sabe_zitsuoEX[/[0:0:0:0:0:0:0:1]:60694] logged in with entity id 8955 at ([world]-217.20035657364514, 66.0, 35.118980711095695)
[04:56:59] [Server thread/INFO]: TINED issued server command: /kick sabe_zitsuoEX
[04:56:59] [Server thread/INFO]: sabe_zitsuoEX lost connection: Kicked by an operator.
[04:56:59] [Server thread/INFO]: sabe_zitsuoEX left the game.
[04:56:59] [Server thread/INFO]: [TINED: Kicked sabe_zitsuoEX from the game]
[04:56:59] [Server thread/WARN]: handleDisconnection() called twice
[04:57:05] [Thread-13/INFO]: UUID of player sabe_zitsuoEX is e5057a68-a711-37d5-92d1-01b0b45abd90
[04:57:05] [Server thread/INFO]: sabe_zitsuoEX[/[0:0:0:0:0:0:0:1]:60704] logged in with entity id 9198 at ([world]-217.20035657364514, 66.0, 35.118980711095695)
[04:57:06] [Server thread/INFO]: TINED issued server command: /kick sabe_zitsuoEX
[04:57:06] [Server thread/INFO]: sabe_zitsuoEX lost connection: Kicked by an operator.
[04:57:06] [Server thread/INFO]: sabe_zitsuoEX left the game.
[04:57:06] [Server thread/INFO]: [TINED: Kicked sabe_zitsuoEX from the game]
[04:57:06] [Server thread/WARN]: handleDisconnection() called twice
[04:57:13] [Thread-14/INFO]: UUID of player sabe_zitsuoEX is e5057a68-a711-37d5-92d1-01b0b45abd90
[04:57:13] [Server thread/INFO]: sabe_zitsuoEX[/[0:0:0:0:0:0:0:1]:47936] logged in with entity id 9402 at ([world]-217.20035657364514, 66.0, 35.118980711095695)
[04:57:16] [Server thread/INFO]: TINED issued server command: /ban sabe_zitsuoEX
[04:57:16] [Server thread/INFO]: sabe_zitsuoEX lost connection: You are banned from this server.
[04:57:16] [Server thread/INFO]: sabe_zitsuoEX left the game.
[04:57:16] [Server thread/INFO]: [TINED: Banned player sabe_zitsuoEX]
[04:57:16] [Server thread/WARN]: handleDisconnection() called twice
[04:57:24] [Thread-15/INFO]: UUID of player sabe_zitsuoEX is e5057a68-a711-37d5-92d1-01b0b45abd90
[04:57:24] [Server thread/INFO]: Disconnecting com.mojang.authlib.GameProfile@5838b7e2[id=e5057a68-a711-37d5-92d1-01b0b45abd90,name=sabe_zitsuoEX,properties={textures=[com.mojang.authlib.properties.Property@7ae4953d], isEaglerPlayer=[com.mojang.authlib.properties.Property@6fbfa9d9]},legacy=false] (/[0:0:0:0:0:0:0:1]:32904): You are banned from this server!
Reason: Banned by an operator.
[04:57:24] [Server thread/INFO]: com.mojang.authlib.GameProfile@5838b7e2[id=e5057a68-a711-37d5-92d1-01b0b45abd90,name=sabe_zitsuoEX,properties={textures=[com.mojang.authlib.properties.Property@7ae4953d], isEaglerPlayer=[com.mojang.authlib.properties.Property@6fbfa9d9]},legacy=false] (/[0:0:0:0:0:0:0:1]:32904) lost connection: You are banned from this server!
Reason: Banned by an operator.
[04:57:33] [Thread-16/INFO]: UUID of player sabe_zitsuoEX is e5057a68-a711-37d5-92d1-01b0b45abd90
[04:57:34] [Server thread/INFO]: Disconnecting com.mojang.authlib.GameProfile@1201dc07[id=e5057a68-a711-37d5-92d1-01b0b45abd90,name=sabe_zitsuoEX,properties={textures=[com.mojang.authlib.properties.Property@2220b7c5], isEaglerPlayer=[com.mojang.authlib.properties.Property@619d358f]},legacy=false] (/[0:0:0:0:0:0:0:1]:44320): You are banned from this server!
Reason: Banned by an operator.
[04:57:34] [Server thread/INFO]: com.mojang.authlib.GameProfile@1201dc07[id=e5057a68-a711-37d5-92d1-01b0b45abd90,name=sabe_zitsuoEX,properties={textures=[com.mojang.authlib.properties.Property@2220b7c5], isEaglerPlayer=[com.mojang.authlib.properties.Property@619d358f]},legacy=false] (/[0:0:0:0:0:0:0:1]:44320) lost connection: You are banned from this server!
Reason: Banned by an operator.
[05:02:25] [AutoSaveWorld AutoSaveThread/INFO]: [0;34;1mAutoSaving[m

[05:02:25] [AutoSaveWorld AutoSaveThread/INFO]: [0;34;1mAutoSave Complete[m

[05:04:11] [Thread-17/INFO]: UUID of player sabe_zitsuoEX is e5057a68-a711-37d5-92d1-01b0b45abd90
[05:04:11] [Server thread/INFO]: Disconnecting com.mojang.authlib.GameProfile@88ae8bc[id=e5057a68-a711-37d5-92d1-01b0b45abd90,name=sabe_zitsuoEX,properties={textures=[com.mojang.authlib.properties.Property@7368ddfd], isEaglerPlayer=[com.mojang.authlib.properties.Property@90a49af]},legacy=false] (/[0:0:0:0:0:0:0:1]:55050): You are banned from this server!
Reason: Banned by an operator.
[05:04:11] [Server thread/INFO]: Disconnecting com.mojang.authlib.GameProfile@88ae8bc[id=e5057a68-a711-37d5-92d1-01b0b45abd90,name=sabe_zitsuoEX,properties={textures=[com.mojang.authlib.properties.Property@7368ddfd], isEaglerPlayer=[com.mojang.authlib.properties.Property@90a49af]},legacy=false] (/[0:0:0:0:0:0:0:1]:55050): You are banned from this server!
Reason: Banned by an operator.
[05:04:11] [Server thread/INFO]: com.mojang.authlib.GameProfile@88ae8bc[id=e5057a68-a711-37d5-92d1-01b0b45abd90,name=sabe_zitsuoEX,properties={textures=[com.mojang.authlib.properties.Property@7368ddfd], isEaglerPlayer=[com.mojang.authlib.properties.Property@90a49af]},legacy=false] (/[0:0:0:0:0:0:0:1]:55050) lost connection: You are banned from this server!
Reason: Banned by an operator.
[05:17:26] [Server thread/INFO]: TINED lost connection: Disconnected
[05:17:26] [Server thread/INFO]: TINED left the game.
[05:17:26] [AutoSaveWorld AutoSaveThread/INFO]: [0;34;1mAutoSaving[m

[05:17:26] [AutoSaveWorld AutoSaveThread/INFO]: [0;34;1mAutoSave Complete[m

[05:18:02] [Thread-18/INFO]: UUID of player TINED is f01aaf6d-7128-39d0-8ec2-f154409241f1
[05:18:02] [Server thread/INFO]: TINED[/[0:0:0:0:0:0:0:1]:51892] logged in with entity id 33701 at ([world]-165.2555808134353, 156.0, 151.5142942294968)
[05:23:17] [Server thread/WARN]: Excessive velocity set detected: tried to set velocity of entity #39669 to (-2.775599175348241,2.1225056132024394,-6.187503033231132).
[05:23:17] [Server thread/WARN]: java.lang.Exception: Stack trace

[05:23:17] [Server thread/WARN]: 	at java.base/java.lang.Thread.dumpStack(Thread.java:2209)

[05:23:17] [Server thread/WARN]: 	at org.bukkit.craftbukkit.v1_8_R3.entity.CraftEntity.setVelocity(CraftEntity.java:213)

[05:23:17] [Server thread/WARN]: 	at me.nick.gh.Main.grappleHook(Main.java:64)

[05:23:17] [Server thread/WARN]: 	at java.base/jdk.internal.reflect.DirectMethodHandleAccessor.invoke(DirectMethodHandleAccessor.java:103)

[05:23:17] [Server thread/WARN]: 	at java.base/java.lang.reflect.Method.invoke(Method.java:580)

[05:23:17] [Server thread/WARN]: 	at org.bukkit.plugin.java.JavaPluginLoader$1.execute(JavaPluginLoader.java:300)

[05:23:17] [Server thread/WARN]: 	at co.aikar.timings.TimedEventExecutor.execute(TimedEventExecutor.java:78)

[05:23:17] [Server thread/WARN]: 	at org.bukkit.plugin.RegisteredListener.callEvent(RegisteredListener.java:62)

[05:23:17] [Server thread/WARN]: 	at org.bukkit.plugin.SimplePluginManager.fireEvent(SimplePluginManager.java:517)

[05:23:17] [Server thread/WARN]: 	at org.bukkit.plugin.SimplePluginManager.callEvent(SimplePluginManager.java:502)

[05:23:17] [Server thread/WARN]: 	at org.bukkit.craftbukkit.v1_8_R3.event.CraftEventFactory.callProjectileLaunchEvent(CraftEventFactory.java:754)

[05:23:17] [Server thread/WARN]: 	at net.minecraft.server.v1_8_R3.World.addEntity(World.java:1024)

[05:23:17] [Server thread/WARN]: 	at net.minecraft.server.v1_8_R3.World.addEntity(World.java:991)

[05:23:17] [Server thread/WARN]: 	at net.minecraft.server.v1_8_R3.ItemFishingRod.a(ItemFishingRod.java:32)

[05:23:17] [Server thread/WARN]: 	at net.minecraft.server.v1_8_R3.ItemStack.a(ItemStack.java:236)

[05:23:17] [Server thread/WARN]: 	at net.minecraft.server.v1_8_R3.PlayerInteractManager.useItem(PlayerInteractManager.java:371)

[05:23:17] [Server thread/WARN]: 	at net.minecraft.server.v1_8_R3.PlayerConnection.a(PlayerConnection.java:734)

[05:23:17] [Server thread/WARN]: 	at net.minecraft.server.v1_8_R3.PacketPlayInBlockPlace.a(PacketPlayInBlockPlace.java:52)

[05:23:17] [Server thread/WARN]: 	at net.minecraft.server.v1_8_R3.PacketPlayInBlockPlace.a(PacketPlayInBlockPlace.java:1)

[05:23:17] [Server thread/WARN]: 	at net.minecraft.server.v1_8_R3.PlayerConnectionUtils$1.run(SourceFile:13)

[05:23:17] [Server thread/WARN]: 	at java.base/java.util.concurrent.Executors$RunnableAdapter.call(Executors.java:572)

[05:23:17] [Server thread/WARN]: 	at java.base/java.util.concurrent.FutureTask.run(FutureTask.java:317)

[05:23:17] [Server thread/WARN]: 	at net.minecraft.server.v1_8_R3.SystemUtils.a(SourceFile:44)

[05:23:17] [Server thread/WARN]: 	at net.minecraft.server.v1_8_R3.MinecraftServer.B(MinecraftServer.java:774)

[05:23:17] [Server thread/WARN]: 	at net.minecraft.server.v1_8_R3.DedicatedServer.B(DedicatedServer.java:378)

[05:23:17] [Server thread/WARN]: 	at net.minecraft.server.v1_8_R3.MinecraftServer.A(MinecraftServer.java:713)

[05:23:17] [Server thread/WARN]: 	at net.minecraft.server.v1_8_R3.MinecraftServer.run(MinecraftServer.java:616)

[05:23:17] [Server thread/WARN]: 	at java.base/java.lang.Thread.run(Thread.java:1583)

[05:23:17] [Server thread/WARN]: Excessive velocity set detected: tried to set velocity of entity #33701 to (-2.775599175348241,2.1225056132024394,-6.187503033231132).
[05:23:17] [Server thread/WARN]: java.lang.Exception: Stack trace

[05:23:17] [Server thread/WARN]: 	at java.base/java.lang.Thread.dumpStack(Thread.java:2209)

[05:23:17] [Server thread/WARN]: 	at org.bukkit.craftbukkit.v1_8_R3.entity.CraftEntity.setVelocity(CraftEntity.java:213)

[05:23:17] [Server thread/WARN]: 	at me.nick.gh.Main$1.run(Main.java:73)

[05:23:17] [Server thread/WARN]: 	at org.bukkit.craftbukkit.v1_8_R3.scheduler.CraftTask.run(CraftTask.java:59)

[05:23:17] [Server thread/WARN]: 	at org.bukkit.craftbukkit.v1_8_R3.scheduler.CraftScheduler.mainThreadHeartbeat(CraftScheduler.java:352)

[05:23:17] [Server thread/WARN]: 	at net.minecraft.server.v1_8_R3.MinecraftServer.B(MinecraftServer.java:783)

[05:23:17] [Server thread/WARN]: 	at net.minecraft.server.v1_8_R3.DedicatedServer.B(DedicatedServer.java:378)

[05:23:17] [Server thread/WARN]: 	at net.minecraft.server.v1_8_R3.MinecraftServer.A(MinecraftServer.java:713)

[05:23:17] [Server thread/WARN]: 	at net.minecraft.server.v1_8_R3.MinecraftServer.run(MinecraftServer.java:616)

[05:23:17] [Server thread/WARN]: 	at java.base/java.lang.Thread.run(Thread.java:1583)

[05:23:19] [Server thread/WARN]: Excessive velocity set detected: tried to set velocity of entity #39721 to (-1.9042311404016528,0.8066643331330203,-4.133511304568467).
[05:23:19] [Server thread/WARN]: java.lang.Exception: Stack trace

[05:23:19] [Server thread/WARN]: 	at java.base/java.lang.Thread.dumpStack(Thread.java:2209)

[05:23:19] [Server thread/WARN]: 	at org.bukkit.craftbukkit.v1_8_R3.entity.CraftEntity.setVelocity(CraftEntity.java:213)

[05:23:19] [Server thread/WARN]: 	at me.nick.gh.Main.grappleHook(Main.java:64)

[05:23:19] [Server thread/WARN]: 	at java.base/jdk.internal.reflect.DirectMethodHandleAccessor.invoke(DirectMethodHandleAccessor.java:103)

[05:23:19] [Server thread/WARN]: 	at java.base/java.lang.reflect.Method.invoke(Method.java:580)

[05:23:19] [Server thread/WARN]: 	at org.bukkit.plugin.java.JavaPluginLoader$1.execute(JavaPluginLoader.java:300)

[05:23:19] [Server thread/WARN]: 	at co.aikar.timings.TimedEventExecutor.execute(TimedEventExecutor.java:78)

[05:23:19] [Server thread/WARN]: 	at org.bukkit.plugin.RegisteredListener.callEvent(RegisteredListener.java:62)

[05:23:19] [Server thread/WARN]: 	at org.bukkit.plugin.SimplePluginManager.fireEvent(SimplePluginManager.java:517)

[05:23:19] [Server thread/WARN]: 	at org.bukkit.plugin.SimplePluginManager.callEvent(SimplePluginManager.java:502)

[05:23:19] [Server thread/WARN]: 	at org.bukkit.craftbukkit.v1_8_R3.event.CraftEventFactory.callProjectileLaunchEvent(CraftEventFactory.java:754)

[05:23:19] [Server thread/WARN]: 	at net.minecraft.server.v1_8_R3.World.addEntity(World.java:1024)

[05:23:19] [Server thread/WARN]: 	at net.minecraft.server.v1_8_R3.World.addEntity(World.java:991)

[05:23:19] [Server thread/WARN]: 	at net.minecraft.server.v1_8_R3.ItemFishingRod.a(ItemFishingRod.java:32)

[05:23:19] [Server thread/WARN]: 	at net.minecraft.server.v1_8_R3.ItemStack.a(ItemStack.java:236)

[05:23:19] [Server thread/WARN]: 	at net.minecraft.server.v1_8_R3.PlayerInteractManager.useItem(PlayerInteractManager.java:371)

[05:23:19] [Server thread/WARN]: 	at net.minecraft.server.v1_8_R3.PlayerConnection.a(PlayerConnection.java:734)

[05:23:19] [Server thread/WARN]: 	at net.minecraft.server.v1_8_R3.PacketPlayInBlockPlace.a(PacketPlayInBlockPlace.java:52)

[05:23:19] [Server thread/WARN]: 	at net.minecraft.server.v1_8_R3.PacketPlayInBlockPlace.a(PacketPlayInBlockPlace.java:1)

[05:23:19] [Server thread/WARN]: 	at net.minecraft.server.v1_8_R3.PlayerConnectionUtils$1.run(SourceFile:13)

[05:23:19] [Server thread/WARN]: 	at java.base/java.util.concurrent.Executors$RunnableAdapter.call(Executors.java:572)

[05:23:19] [Server thread/WARN]: 	at java.base/java.util.concurrent.FutureTask.run(FutureTask.java:317)

[05:23:19] [Server thread/WARN]: 	at net.minecraft.server.v1_8_R3.SystemUtils.a(SourceFile:44)

[05:23:19] [Server thread/WARN]: 	at net.minecraft.server.v1_8_R3.MinecraftServer.B(MinecraftServer.java:774)

[05:23:19] [Server thread/WARN]: 	at net.minecraft.server.v1_8_R3.DedicatedServer.B(DedicatedServer.java:378)

[05:23:19] [Server thread/WARN]: 	at net.minecraft.server.v1_8_R3.MinecraftServer.A(MinecraftServer.java:713)

[05:23:19] [Server thread/WARN]: 	at net.minecraft.server.v1_8_R3.MinecraftServer.run(MinecraftServer.java:616)

[05:23:19] [Server thread/WARN]: 	at java.base/java.lang.Thread.run(Thread.java:1583)

[05:23:19] [Server thread/WARN]: Excessive velocity set detected: tried to set velocity of entity #33701 to (-1.9042311404016528,0.8066643331330203,-4.133511304568467).
[05:23:19] [Server thread/WARN]: java.lang.Exception: Stack trace

[05:23:19] [Server thread/WARN]: 	at java.base/java.lang.Thread.dumpStack(Thread.java:2209)

[05:23:19] [Server thread/WARN]: 	at org.bukkit.craftbukkit.v1_8_R3.entity.CraftEntity.setVelocity(CraftEntity.java:213)

[05:23:19] [Server thread/WARN]: 	at me.nick.gh.Main$1.run(Main.java:73)

[05:23:19] [Server thread/WARN]: 	at org.bukkit.craftbukkit.v1_8_R3.scheduler.CraftTask.run(CraftTask.java:59)

[05:23:19] [Server thread/WARN]: 	at org.bukkit.craftbukkit.v1_8_R3.scheduler.CraftScheduler.mainThreadHeartbeat(CraftScheduler.java:352)

[05:23:19] [Server thread/WARN]: 	at net.minecraft.server.v1_8_R3.MinecraftServer.B(MinecraftServer.java:783)

[05:23:19] [Server thread/WARN]: 	at net.minecraft.server.v1_8_R3.DedicatedServer.B(DedicatedServer.java:378)

[05:23:19] [Server thread/WARN]: 	at net.minecraft.server.v1_8_R3.MinecraftServer.A(MinecraftServer.java:713)

[05:23:19] [Server thread/WARN]: 	at net.minecraft.server.v1_8_R3.MinecraftServer.run(MinecraftServer.java:616)

[05:23:19] [Server thread/WARN]: 	at java.base/java.lang.Thread.run(Thread.java:1583)

[05:31:53] [Server thread/WARN]: Excessive velocity set detected: tried to set velocity of entity #49052 to (-5.376827459475684,2.079568653499811,-4.845265403879213).
[05:31:53] [Server thread/WARN]: java.lang.Exception: Stack trace

[05:31:53] [Server thread/WARN]: 	at java.base/java.lang.Thread.dumpStack(Thread.java:2209)

[05:31:53] [Server thread/WARN]: 	at org.bukkit.craftbukkit.v1_8_R3.entity.CraftEntity.setVelocity(CraftEntity.java:213)

[05:31:53] [Server thread/WARN]: 	at me.nick.gh.Main.grappleHook(Main.java:64)

[05:31:53] [Server thread/WARN]: 	at java.base/jdk.internal.reflect.DirectMethodHandleAccessor.invoke(DirectMethodHandleAccessor.java:103)

[05:31:53] [Server thread/WARN]: 	at java.base/java.lang.reflect.Method.invoke(Method.java:580)

[05:31:53] [Server thread/WARN]: 	at org.bukkit.plugin.java.JavaPluginLoader$1.execute(JavaPluginLoader.java:300)

[05:31:53] [Server thread/WARN]: 	at co.aikar.timings.TimedEventExecutor.execute(TimedEventExecutor.java:78)

[05:31:53] [Server thread/WARN]: 	at org.bukkit.plugin.RegisteredListener.callEvent(RegisteredListener.java:62)

[05:31:53] [Server thread/WARN]: 	at org.bukkit.plugin.SimplePluginManager.fireEvent(SimplePluginManager.java:517)

[05:31:53] [Server thread/WARN]: 	at org.bukkit.plugin.SimplePluginManager.callEvent(SimplePluginManager.java:502)

[05:31:53] [Server thread/WARN]: 	at org.bukkit.craftbukkit.v1_8_R3.event.CraftEventFactory.callProjectileLaunchEvent(CraftEventFactory.java:754)

[05:31:53] [Server thread/WARN]: 	at net.minecraft.server.v1_8_R3.World.addEntity(World.java:1024)

[05:31:53] [Server thread/WARN]: 	at net.minecraft.server.v1_8_R3.World.addEntity(World.java:991)

[05:31:53] [Server thread/WARN]: 	at net.minecraft.server.v1_8_R3.ItemFishingRod.a(ItemFishingRod.java:32)

[05:31:53] [Server thread/WARN]: 	at net.minecraft.server.v1_8_R3.ItemStack.a(ItemStack.java:236)

[05:31:53] [Server thread/WARN]: 	at net.minecraft.server.v1_8_R3.PlayerInteractManager.useItem(PlayerInteractManager.java:371)

[05:31:53] [Server thread/WARN]: 	at net.minecraft.server.v1_8_R3.PlayerConnection.a(PlayerConnection.java:734)

[05:31:53] [Server thread/WARN]: 	at net.minecraft.server.v1_8_R3.PacketPlayInBlockPlace.a(PacketPlayInBlockPlace.java:52)

[05:31:53] [Server thread/WARN]: 	at net.minecraft.server.v1_8_R3.PacketPlayInBlockPlace.a(PacketPlayInBlockPlace.java:1)

[05:31:53] [Server thread/WARN]: 	at net.minecraft.server.v1_8_R3.PlayerConnectionUtils$1.run(SourceFile:13)

[05:31:53] [Server thread/WARN]: 	at java.base/java.util.concurrent.Executors$RunnableAdapter.call(Executors.java:572)

[05:31:53] [Server thread/WARN]: 	at java.base/java.util.concurrent.FutureTask.run(FutureTask.java:317)

[05:31:53] [Server thread/WARN]: 	at net.minecraft.server.v1_8_R3.SystemUtils.a(SourceFile:44)

[05:31:53] [Server thread/WARN]: 	at net.minecraft.server.v1_8_R3.MinecraftServer.B(MinecraftServer.java:774)

[05:31:53] [Server thread/WARN]: 	at net.minecraft.server.v1_8_R3.DedicatedServer.B(DedicatedServer.java:378)

[05:31:53] [Server thread/WARN]: 	at net.minecraft.server.v1_8_R3.MinecraftServer.A(MinecraftServer.java:713)

[05:31:53] [Server thread/WARN]: 	at net.minecraft.server.v1_8_R3.MinecraftServer.run(MinecraftServer.java:616)

[05:31:53] [Server thread/WARN]: 	at java.base/java.lang.Thread.run(Thread.java:1583)

[05:31:54] [Server thread/WARN]: Excessive velocity set detected: tried to set velocity of entity #33701 to (-5.376827459475684,2.079568653499811,-4.845265403879213).
[05:31:54] [Server thread/WARN]: java.lang.Exception: Stack trace

[05:31:54] [Server thread/WARN]: 	at java.base/java.lang.Thread.dumpStack(Thread.java:2209)

[05:31:54] [Server thread/WARN]: 	at org.bukkit.craftbukkit.v1_8_R3.entity.CraftEntity.setVelocity(CraftEntity.java:213)

[05:31:54] [Server thread/WARN]: 	at me.nick.gh.Main$1.run(Main.java:73)

[05:31:54] [Server thread/WARN]: 	at org.bukkit.craftbukkit.v1_8_R3.scheduler.CraftTask.run(CraftTask.java:59)

[05:31:54] [Server thread/WARN]: 	at org.bukkit.craftbukkit.v1_8_R3.scheduler.CraftScheduler.mainThreadHeartbeat(CraftScheduler.java:352)

[05:31:54] [Server thread/WARN]: 	at net.minecraft.server.v1_8_R3.MinecraftServer.B(MinecraftServer.java:783)

[05:31:54] [Server thread/WARN]: 	at net.minecraft.server.v1_8_R3.DedicatedServer.B(DedicatedServer.java:378)

[05:31:54] [Server thread/WARN]: 	at net.minecraft.server.v1_8_R3.MinecraftServer.A(MinecraftServer.java:713)

[05:31:54] [Server thread/WARN]: 	at net.minecraft.server.v1_8_R3.MinecraftServer.run(MinecraftServer.java:616)

[05:31:54] [Server thread/WARN]: 	at java.base/java.lang.Thread.run(Thread.java:1583)

[05:32:27] [AutoSaveWorld AutoSaveThread/INFO]: [0;34;1mAutoSaving[m

[05:32:28] [AutoSaveWorld AutoSaveThread/INFO]: [0;34;1mAutoSave Complete[m

[05:38:53] [Server thread/INFO]: TINED tried to swim in lava
[05:39:59] [Server thread/WARN]: Excessive velocity set detected: tried to set velocity of entity #54381 to (2.777966305744156,8.058280437979874,5.452004119861485).
[05:39:59] [Server thread/WARN]: java.lang.Exception: Stack trace

[05:39:59] [Server thread/WARN]: 	at java.base/java.lang.Thread.dumpStack(Thread.java:2209)

[05:39:59] [Server thread/WARN]: 	at org.bukkit.craftbukkit.v1_8_R3.entity.CraftEntity.setVelocity(CraftEntity.java:213)

[05:39:59] [Server thread/WARN]: 	at me.nick.gh.Main.grappleHook(Main.java:64)

[05:39:59] [Server thread/WARN]: 	at java.base/jdk.internal.reflect.DirectMethodHandleAccessor.invoke(DirectMethodHandleAccessor.java:103)

[05:39:59] [Server thread/WARN]: 	at java.base/java.lang.reflect.Method.invoke(Method.java:580)

[05:39:59] [Server thread/WARN]: 	at org.bukkit.plugin.java.JavaPluginLoader$1.execute(JavaPluginLoader.java:300)

[05:39:59] [Server thread/WARN]: 	at co.aikar.timings.TimedEventExecutor.execute(TimedEventExecutor.java:78)

[05:39:59] [Server thread/WARN]: 	at org.bukkit.plugin.RegisteredListener.callEvent(RegisteredListener.java:62)

[05:39:59] [Server thread/WARN]: 	at org.bukkit.plugin.SimplePluginManager.fireEvent(SimplePluginManager.java:517)

[05:39:59] [Server thread/WARN]: 	at org.bukkit.plugin.SimplePluginManager.callEvent(SimplePluginManager.java:502)

[05:39:59] [Server thread/WARN]: 	at org.bukkit.craftbukkit.v1_8_R3.event.CraftEventFactory.callProjectileLaunchEvent(CraftEventFactory.java:754)

[05:39:59] [Server thread/WARN]: 	at net.minecraft.server.v1_8_R3.World.addEntity(World.java:1024)

[05:39:59] [Server thread/WARN]: 	at net.minecraft.server.v1_8_R3.World.addEntity(World.java:991)

[05:39:59] [Server thread/WARN]: 	at net.minecraft.server.v1_8_R3.ItemFishingRod.a(ItemFishingRod.java:32)

[05:39:59] [Server thread/WARN]: 	at net.minecraft.server.v1_8_R3.ItemStack.a(ItemStack.java:236)

[05:39:59] [Server thread/WARN]: 	at net.minecraft.server.v1_8_R3.PlayerInteractManager.useItem(PlayerInteractManager.java:371)

[05:39:59] [Server thread/WARN]: 	at net.minecraft.server.v1_8_R3.PlayerConnection.a(PlayerConnection.java:734)

[05:39:59] [Server thread/WARN]: 	at net.minecraft.server.v1_8_R3.PacketPlayInBlockPlace.a(PacketPlayInBlockPlace.java:52)

[05:39:59] [Server thread/WARN]: 	at net.minecraft.server.v1_8_R3.PacketPlayInBlockPlace.a(PacketPlayInBlockPlace.java:1)

[05:39:59] [Server thread/WARN]: 	at net.minecraft.server.v1_8_R3.PlayerConnectionUtils$1.run(SourceFile:13)

[05:39:59] [Server thread/WARN]: 	at java.base/java.util.concurrent.Executors$RunnableAdapter.call(Executors.java:572)

[05:39:59] [Server thread/WARN]: 	at java.base/java.util.concurrent.FutureTask.run(FutureTask.java:317)

[05:39:59] [Server thread/WARN]: 	at net.minecraft.server.v1_8_R3.SystemUtils.a(SourceFile:44)

[05:39:59] [Server thread/WARN]: 	at net.minecraft.server.v1_8_R3.MinecraftServer.B(MinecraftServer.java:774)

[05:39:59] [Server thread/WARN]: 	at net.minecraft.server.v1_8_R3.DedicatedServer.B(DedicatedServer.java:378)

[05:39:59] [Server thread/WARN]: 	at net.minecraft.server.v1_8_R3.MinecraftServer.A(MinecraftServer.java:713)

[05:39:59] [Server thread/WARN]: 	at net.minecraft.server.v1_8_R3.MinecraftServer.run(MinecraftServer.java:616)

[05:39:59] [Server thread/WARN]: 	at java.base/java.lang.Thread.run(Thread.java:1583)

[05:39:59] [Server thread/WARN]: Excessive velocity set detected: tried to set velocity of entity #33701 to (2.777966305744156,8.058280437979874,5.452004119861485).
[05:39:59] [Server thread/WARN]: java.lang.Exception: Stack trace

[05:39:59] [Server thread/WARN]: 	at java.base/java.lang.Thread.dumpStack(Thread.java:2209)

[05:39:59] [Server thread/WARN]: 	at org.bukkit.craftbukkit.v1_8_R3.entity.CraftEntity.setVelocity(CraftEntity.java:213)

[05:39:59] [Server thread/WARN]: 	at me.nick.gh.Main$1.run(Main.java:73)

[05:39:59] [Server thread/WARN]: 	at org.bukkit.craftbukkit.v1_8_R3.scheduler.CraftTask.run(CraftTask.java:59)

[05:39:59] [Server thread/WARN]: 	at org.bukkit.craftbukkit.v1_8_R3.scheduler.CraftScheduler.mainThreadHeartbeat(CraftScheduler.java:352)

[05:39:59] [Server thread/WARN]: 	at net.minecraft.server.v1_8_R3.MinecraftServer.B(MinecraftServer.java:783)

[05:39:59] [Server thread/WARN]: 	at net.minecraft.server.v1_8_R3.DedicatedServer.B(DedicatedServer.java:378)

[05:39:59] [Server thread/WARN]: 	at net.minecraft.server.v1_8_R3.MinecraftServer.A(MinecraftServer.java:713)

[05:39:59] [Server thread/WARN]: 	at net.minecraft.server.v1_8_R3.MinecraftServer.run(MinecraftServer.java:616)

[05:39:59] [Server thread/WARN]: 	at java.base/java.lang.Thread.run(Thread.java:1583)

[05:47:29] [AutoSaveWorld AutoSaveThread/INFO]: [0;34;1mAutoSaving[m

[05:47:29] [AutoSaveWorld AutoSaveThread/INFO]: [0;34;1mAutoSave Complete[m

[06:02:30] [AutoSaveWorld AutoSaveThread/INFO]: [0;34;1mAutoSaving[m

[06:02:30] [AutoSaveWorld AutoSaveThread/INFO]: [0;34;1mAutoSave Complete[m

[06:17:31] [AutoSaveWorld AutoSaveThread/INFO]: [0;34;1mAutoSaving[m

[06:17:32] [AutoSaveWorld AutoSaveThread/INFO]: [0;34;1mAutoSave Complete[m

[06:19:07] [Server thread/WARN]: Excessive velocity set detected: tried to set velocity of entity #92952 to (2.8069571260404507,2.0970822386337513,-4.7188417337483415).
[06:19:07] [Server thread/WARN]: java.lang.Exception: Stack trace

[06:19:07] [Server thread/WARN]: 	at java.base/java.lang.Thread.dumpStack(Thread.java:2209)

[06:19:07] [Server thread/WARN]: 	at org.bukkit.craftbukkit.v1_8_R3.entity.CraftEntity.setVelocity(CraftEntity.java:213)

[06:19:07] [Server thread/WARN]: 	at me.nick.gh.Main.grappleHook(Main.java:64)

[06:19:07] [Server thread/WARN]: 	at java.base/jdk.internal.reflect.DirectMethodHandleAccessor.invoke(DirectMethodHandleAccessor.java:103)

[06:19:07] [Server thread/WARN]: 	at java.base/java.lang.reflect.Method.invoke(Method.java:580)

[06:19:07] [Server thread/WARN]: 	at org.bukkit.plugin.java.JavaPluginLoader$1.execute(JavaPluginLoader.java:300)

[06:19:07] [Server thread/WARN]: 	at co.aikar.timings.TimedEventExecutor.execute(TimedEventExecutor.java:78)

[06:19:07] [Server thread/WARN]: 	at org.bukkit.plugin.RegisteredListener.callEvent(RegisteredListener.java:62)

[06:19:07] [Server thread/WARN]: 	at org.bukkit.plugin.SimplePluginManager.fireEvent(SimplePluginManager.java:517)

[06:19:07] [Server thread/WARN]: 	at org.bukkit.plugin.SimplePluginManager.callEvent(SimplePluginManager.java:502)

[06:19:07] [Server thread/WARN]: 	at org.bukkit.craftbukkit.v1_8_R3.event.CraftEventFactory.callProjectileLaunchEvent(CraftEventFactory.java:754)

[06:19:07] [Server thread/WARN]: 	at net.minecraft.server.v1_8_R3.World.addEntity(World.java:1024)

[06:19:07] [Server thread/WARN]: 	at net.minecraft.server.v1_8_R3.World.addEntity(World.java:991)

[06:19:07] [Server thread/WARN]: 	at net.minecraft.server.v1_8_R3.ItemFishingRod.a(ItemFishingRod.java:32)

[06:19:07] [Server thread/WARN]: 	at net.minecraft.server.v1_8_R3.ItemStack.a(ItemStack.java:236)

[06:19:07] [Server thread/WARN]: 	at net.minecraft.server.v1_8_R3.PlayerInteractManager.useItem(PlayerInteractManager.java:371)

[06:19:07] [Server thread/WARN]: 	at net.minecraft.server.v1_8_R3.PlayerConnection.a(PlayerConnection.java:734)

[06:19:07] [Server thread/WARN]: 	at net.minecraft.server.v1_8_R3.PacketPlayInBlockPlace.a(PacketPlayInBlockPlace.java:52)

[06:19:07] [Server thread/WARN]: 	at net.minecraft.server.v1_8_R3.PacketPlayInBlockPlace.a(PacketPlayInBlockPlace.java:1)

[06:19:07] [Server thread/WARN]: 	at net.minecraft.server.v1_8_R3.PlayerConnectionUtils$1.run(SourceFile:13)

[06:19:07] [Server thread/WARN]: 	at java.base/java.util.concurrent.Executors$RunnableAdapter.call(Executors.java:572)

[06:19:07] [Server thread/WARN]: 	at java.base/java.util.concurrent.FutureTask.run(FutureTask.java:317)

[06:19:07] [Server thread/WARN]: 	at net.minecraft.server.v1_8_R3.SystemUtils.a(SourceFile:44)

[06:19:07] [Server thread/WARN]: 	at net.minecraft.server.v1_8_R3.MinecraftServer.B(MinecraftServer.java:774)

[06:19:07] [Server thread/WARN]: 	at net.minecraft.server.v1_8_R3.DedicatedServer.B(DedicatedServer.java:378)

[06:19:07] [Server thread/WARN]: 	at net.minecraft.server.v1_8_R3.MinecraftServer.A(MinecraftServer.java:713)

[06:19:07] [Server thread/WARN]: 	at net.minecraft.server.v1_8_R3.MinecraftServer.run(MinecraftServer.java:616)

[06:19:07] [Server thread/WARN]: 	at java.base/java.lang.Thread.run(Thread.java:1583)

[06:19:07] [Server thread/WARN]: Excessive velocity set detected: tried to set velocity of entity #33701 to (2.8069571260404507,2.0970822386337513,-4.7188417337483415).
[06:19:07] [Server thread/WARN]: java.lang.Exception: Stack trace

[06:19:07] [Server thread/WARN]: 	at java.base/java.lang.Thread.dumpStack(Thread.java:2209)

[06:19:07] [Server thread/WARN]: 	at org.bukkit.craftbukkit.v1_8_R3.entity.CraftEntity.setVelocity(CraftEntity.java:213)

[06:19:07] [Server thread/WARN]: 	at me.nick.gh.Main$1.run(Main.java:73)

[06:19:07] [Server thread/WARN]: 	at org.bukkit.craftbukkit.v1_8_R3.scheduler.CraftTask.run(CraftTask.java:59)

[06:19:07] [Server thread/WARN]: 	at org.bukkit.craftbukkit.v1_8_R3.scheduler.CraftScheduler.mainThreadHeartbeat(CraftScheduler.java:352)

[06:19:07] [Server thread/WARN]: 	at net.minecraft.server.v1_8_R3.MinecraftServer.B(MinecraftServer.java:783)

[06:19:07] [Server thread/WARN]: 	at net.minecraft.server.v1_8_R3.DedicatedServer.B(DedicatedServer.java:378)

[06:19:07] [Server thread/WARN]: 	at net.minecraft.server.v1_8_R3.MinecraftServer.A(MinecraftServer.java:713)

[06:19:07] [Server thread/WARN]: 	at net.minecraft.server.v1_8_R3.MinecraftServer.run(MinecraftServer.java:616)

[06:19:07] [Server thread/WARN]: 	at java.base/java.lang.Thread.run(Thread.java:1583)

[06:19:43] [Server thread/WARN]: Excessive velocity set detected: tried to set velocity of entity #93488 to (-0.12219108546224562,5.590747880459059,-0.4539213242866386).
[06:19:43] [Server thread/WARN]: java.lang.Exception: Stack trace

[06:19:43] [Server thread/WARN]: 	at java.base/java.lang.Thread.dumpStack(Thread.java:2209)

[06:19:43] [Server thread/WARN]: 	at org.bukkit.craftbukkit.v1_8_R3.entity.CraftEntity.setVelocity(CraftEntity.java:213)

[06:19:43] [Server thread/WARN]: 	at me.nick.gh.Main.grappleHook(Main.java:64)

[06:19:43] [Server thread/WARN]: 	at java.base/jdk.internal.reflect.DirectMethodHandleAccessor.invoke(DirectMethodHandleAccessor.java:103)

[06:19:43] [Server thread/WARN]: 	at java.base/java.lang.reflect.Method.invoke(Method.java:580)

[06:19:43] [Server thread/WARN]: 	at org.bukkit.plugin.java.JavaPluginLoader$1.execute(JavaPluginLoader.java:300)

[06:19:43] [Server thread/WARN]: 	at co.aikar.timings.TimedEventExecutor.execute(TimedEventExecutor.java:78)

[06:19:43] [Server thread/WARN]: 	at org.bukkit.plugin.RegisteredListener.callEvent(RegisteredListener.java:62)

[06:19:43] [Server thread/WARN]: 	at org.bukkit.plugin.SimplePluginManager.fireEvent(SimplePluginManager.java:517)

[06:19:43] [Server thread/WARN]: 	at org.bukkit.plugin.SimplePluginManager.callEvent(SimplePluginManager.java:502)

[06:19:43] [Server thread/WARN]: 	at org.bukkit.craftbukkit.v1_8_R3.event.CraftEventFactory.callProjectileLaunchEvent(CraftEventFactory.java:754)

[06:19:43] [Server thread/WARN]: 	at net.minecraft.server.v1_8_R3.World.addEntity(World.java:1024)

[06:19:43] [Server thread/WARN]: 	at net.minecraft.server.v1_8_R3.World.addEntity(World.java:991)

[06:19:43] [Server thread/WARN]: 	at net.minecraft.server.v1_8_R3.ItemFishingRod.a(ItemFishingRod.java:32)

[06:19:43] [Server thread/WARN]: 	at net.minecraft.server.v1_8_R3.ItemStack.a(ItemStack.java:236)

[06:19:43] [Server thread/WARN]: 	at net.minecraft.server.v1_8_R3.PlayerInteractManager.useItem(PlayerInteractManager.java:371)

[06:19:43] [Server thread/WARN]: 	at net.minecraft.server.v1_8_R3.PlayerConnection.a(PlayerConnection.java:734)

[06:19:43] [Server thread/WARN]: 	at net.minecraft.server.v1_8_R3.PacketPlayInBlockPlace.a(PacketPlayInBlockPlace.java:52)

[06:19:43] [Server thread/WARN]: 	at net.minecraft.server.v1_8_R3.PacketPlayInBlockPlace.a(PacketPlayInBlockPlace.java:1)

[06:19:43] [Server thread/WARN]: 	at net.minecraft.server.v1_8_R3.PlayerConnectionUtils$1.run(SourceFile:13)

[06:19:43] [Server thread/WARN]: 	at java.base/java.util.concurrent.Executors$RunnableAdapter.call(Executors.java:572)

[06:19:43] [Server thread/WARN]: 	at java.base/java.util.concurrent.FutureTask.run(FutureTask.java:317)

[06:19:43] [Server thread/WARN]: 	at net.minecraft.server.v1_8_R3.SystemUtils.a(SourceFile:44)

[06:19:43] [Server thread/WARN]: 	at net.minecraft.server.v1_8_R3.MinecraftServer.B(MinecraftServer.java:774)

[06:19:43] [Server thread/WARN]: 	at net.minecraft.server.v1_8_R3.DedicatedServer.B(DedicatedServer.java:378)

[06:19:43] [Server thread/WARN]: 	at net.minecraft.server.v1_8_R3.MinecraftServer.A(MinecraftServer.java:713)

[06:19:43] [Server thread/WARN]: 	at net.minecraft.server.v1_8_R3.MinecraftServer.run(MinecraftServer.java:616)

[06:19:43] [Server thread/WARN]: 	at java.base/java.lang.Thread.run(Thread.java:1583)

[06:19:43] [Server thread/WARN]: Excessive velocity set detected: tried to set velocity of entity #33701 to (-0.12219108546224562,5.590747880459059,-0.4539213242866386).
[06:19:43] [Server thread/WARN]: java.lang.Exception: Stack trace

[06:19:43] [Server thread/WARN]: 	at java.base/java.lang.Thread.dumpStack(Thread.java:2209)

[06:19:43] [Server thread/WARN]: 	at org.bukkit.craftbukkit.v1_8_R3.entity.CraftEntity.setVelocity(CraftEntity.java:213)

[06:19:43] [Server thread/WARN]: 	at me.nick.gh.Main$1.run(Main.java:73)

[06:19:43] [Server thread/WARN]: 	at org.bukkit.craftbukkit.v1_8_R3.scheduler.CraftTask.run(CraftTask.java:59)

[06:19:43] [Server thread/WARN]: 	at org.bukkit.craftbukkit.v1_8_R3.scheduler.CraftScheduler.mainThreadHeartbeat(CraftScheduler.java:352)

[06:19:43] [Server thread/WARN]: 	at net.minecraft.server.v1_8_R3.MinecraftServer.B(MinecraftServer.java:783)

[06:19:43] [Server thread/WARN]: 	at net.minecraft.server.v1_8_R3.DedicatedServer.B(DedicatedServer.java:378)

[06:19:43] [Server thread/WARN]: 	at net.minecraft.server.v1_8_R3.MinecraftServer.A(MinecraftServer.java:713)

[06:19:43] [Server thread/WARN]: 	at net.minecraft.server.v1_8_R3.MinecraftServer.run(MinecraftServer.java:616)

[06:19:43] [Server thread/WARN]: 	at java.base/java.lang.Thread.run(Thread.java:1583)

[06:27:26] [Server thread/INFO]: TINED lost connection: Disconnected
[06:27:26] [Server thread/INFO]: TINED left the game.
[06:28:22] [Server thread/INFO]: Saving...
[06:28:22] [Server thread/INFO]: Saved the world
[06:32:33] [AutoSaveWorld AutoSaveThread/INFO]: [0;34;1mAutoSaving[m

[06:32:33] [AutoSaveWorld AutoSaveThread/INFO]: [0;34;1mAutoSave Complete[m

[06:47:34] [AutoSaveWorld AutoSaveThread/INFO]: [0;34;1mAutoSaving[m

[06:47:34] [AutoSaveWorld AutoSaveThread/INFO]: [0;34;1mAutoSave Complete[m

