[04:47:34] [main/INFO]: Using mbed TLS based native cipher.
[04:47:34] [main/INFO]: Using zlib based native compressor.
[04:47:34] [main/INFO]: Enabled Waterfall version git:Waterfall-Bootstrap:1.19-R0.1-SNAPSHOT:f6069e2:513
[04:47:34] [main/INFO]: Not on Windows, attempting to use enhanced EpollEventLoop
[04:47:34] [main/INFO]: Epoll is working, utilising it!
[04:47:34] [main/INFO]: Discovered module: ModuleSpec(name=cmd_alert, file=modules/cmd_alert.jar, provider=JenkinsModuleSource())
[04:47:34] [main/INFO]: Discovered module: ModuleSpec(name=cmd_find, file=modules/cmd_find.jar, provider=JenkinsModuleSource())
[04:47:34] [main/INFO]: Discovered module: ModuleSpec(name=cmd_list, file=modules/cmd_list.jar, provider=JenkinsModuleSource())
[04:47:34] [main/INFO]: Discovered module: ModuleSpec(name=cmd_send, file=modules/cmd_send.jar, provider=JenkinsModuleSource())
[04:47:34] [main/INFO]: Discovered module: ModuleSpec(name=cmd_server, file=modules/cmd_server.jar, provider=JenkinsModuleSource())
[04:47:34] [main/INFO]: Discovered module: ModuleSpec(name=reconnect_yaml, file=modules/reconnect_yaml.jar, provider=JenkinsModuleSource())
[04:47:34] [main/INFO]: Loaded plugin reconnect_yaml version git:reconnect_yaml:1.19-R0.1-SNAPSHOT:f6069e2:513 by WaterfallMC
[04:47:34] [main/INFO]: Loaded plugin cmd_find version git:cmd_find:1.19-R0.1-SNAPSHOT:f6069e2:513 by WaterfallMC
[04:47:34] [main/INFO]: Loaded plugin cmd_server version git:cmd_server:1.19-R0.1-SNAPSHOT:f6069e2:513 by WaterfallMC
[04:47:34] [main/INFO]: Loaded plugin cmd_alert version git:cmd_alert:1.19-R0.1-SNAPSHOT:f6069e2:513 by WaterfallMC
[04:47:34] [main/INFO]: Loaded plugin cmd_send version git:cmd_send:1.19-R0.1-SNAPSHOT:f6069e2:513 by WaterfallMC
[04:47:34] [main/INFO]: Loaded plugin cmd_list version git:cmd_list:1.19-R0.1-SNAPSHOT:f6069e2:513 by WaterfallMC
[04:47:34] [main/WARN]: :>:>:>:>:>:>:>:>:>:>:>:>:>:>:>:>:>:>:>:>:>:>:>
[04:47:34] [main/WARN]: :>  
[04:47:34] [main/WARN]: :>      EAGLERCRAFTXBUNGEE WARNING:
[04:47:34] [main/WARN]: :>  
[04:47:34] [main/WARN]: :>  This plugin wasn't tested to be 'working'
[04:47:34] [main/WARN]: :>  with ANY version of BungeeCord (and forks)
[04:47:34] [main/WARN]: :>  apart from the versions listed below:
[04:47:34] [main/WARN]: :>  
[04:47:34] [main/WARN]: :>  - BungeeCord: 1.20-R0.3-SNAPSHOT:eda268b:1797
[04:47:34] [main/WARN]: :>  - Waterfall: 1.20-R0.2-SNAPSHOT:92b5149:562
[04:47:34] [main/WARN]: :>  - FlameCord: 1.1.1
[04:47:34] [main/WARN]: :>  
[04:47:34] [main/WARN]: :>  This is not a Bukkit/Spigot plugin!
[04:47:34] [main/WARN]: :>  
[04:47:34] [main/WARN]: :>  Use "-Deaglerxbungee.stfu=true" to hide
[04:47:34] [main/WARN]: :>  
[04:47:34] [main/WARN]: :>:>:>:>:>:>:>:>:>:>:>:>:>:>:>:>:>:>:>:>:>:>:>
[04:47:34] [main/INFO] [EaglercraftXBungee]: Loading vanilla profile: lax1dude
[04:47:37] [Skin Download Thread #1/INFO] [EaglercraftXBungee]: Loaded vanilla profile: lax1dude
[04:47:37] [main/INFO]: Loaded plugin EaglercraftXBungee version 1.0.10 by lax1dude
[04:47:37] [main/WARN]: Forced host server pvp is not defined
[04:47:37] [main/INFO]: Enabled plugin reconnect_yaml version git:reconnect_yaml:1.19-R0.1-SNAPSHOT:f6069e2:513 by WaterfallMC
[04:47:37] [main/INFO]: Enabled plugin cmd_find version git:cmd_find:1.19-R0.1-SNAPSHOT:f6069e2:513 by WaterfallMC
[04:47:37] [main/INFO]: Enabled plugin cmd_server version git:cmd_server:1.19-R0.1-SNAPSHOT:f6069e2:513 by WaterfallMC
[04:47:37] [main/INFO]: Enabled plugin cmd_alert version git:cmd_alert:1.19-R0.1-SNAPSHOT:f6069e2:513 by WaterfallMC
[04:47:37] [main/INFO]: Enabled plugin cmd_send version git:cmd_send:1.19-R0.1-SNAPSHOT:f6069e2:513 by WaterfallMC
[04:47:37] [main/INFO]: Enabled plugin cmd_list version git:cmd_list:1.19-R0.1-SNAPSHOT:f6069e2:513 by WaterfallMC
[04:47:37] [main/ERROR] [EaglercraftXBungee]: Online mode is set to false! Authentication system has been disabled
[04:47:37] [Netty Worker IO Thread #0/INFO] [EaglercraftXBungee]: Eaglercraft is listening on: /0.0.0.0:8081
[04:47:38] [main/INFO] [EaglercraftXBungee]: Connected to database: jdbc:sqlite:eaglercraft_skins_cache.db
[04:47:38] [main/INFO]: Enabled plugin EaglercraftXBungee version 1.0.10 by lax1dude
[04:47:38] [Netty Boss IO Thread #0/INFO]: Listening on /127.0.0.1:25577
[04:47:39] [EaglerXBungee: Network Tick Tasks/INFO] [EaglercraftXBungee]: Loaded certificate: /workspaces/server-AAAAAAAA/bungee/plugins/EaglercraftXBungee/eagcert/$dl.11da5ec1e9d8efe3fa0e9998b0c264f5c8cb155f.cert
[04:48:24] [Netty Worker IO Thread #1/WARN] [EaglercraftXBungee]: Server icon is not a file: /workspaces/server-AAAAAAAA/bungee/server-icon.png
[04:48:26] [Netty Worker IO Thread #2/INFO] [EaglercraftXBungee]: [/[0:0:0:0:0:0:0:1%0]:53226]: Connected via websocket
[04:48:26] [Netty Worker IO Thread #2/INFO] [EaglercraftXBungee]: [/[0:0:0:0:0:0:0:1%0]:53226]: Origin header is https://reslauncher4.vercel.app
[04:48:26] [Netty Worker IO Thread #2/INFO] [EaglercraftXBungee]: [/[0:0:0:0:0:0:0:1%0]:53226]: Logged in as 'TINED'
[04:48:26] [Netty Worker IO Thread #2/INFO]: [/[0:0:0:0:0:0:0:1%0]:53226|TINED] -> UpstreamBridge has connected
[04:48:26] [Netty Worker IO Thread #2/INFO]: [TINED|/[0:0:0:0:0:0:0:1%0]:53226] <-> ServerConnector [lobby] has connected
[04:56:22] [Netty Worker IO Thread #0/INFO] [EaglercraftXBungee]: [/[0:0:0:0:0:0:0:1%0]:60246]: Connected via websocket
[04:56:22] [Netty Worker IO Thread #0/INFO] [EaglercraftXBungee]: [/[0:0:0:0:0:0:0:1%0]:60246]: Origin header is https://eaglercraftx1-8.github.io
[04:56:22] [Netty Worker IO Thread #0/INFO] [EaglercraftXBungee]: [/[0:0:0:0:0:0:0:1%0]:60246]: Logged in as 'sabe_zitsuoEX'
[04:56:22] [Netty Worker IO Thread #0/INFO]: [/[0:0:0:0:0:0:0:1%0]:60246|sabe_zitsuoEX] -> UpstreamBridge has connected
[04:56:22] [Netty Worker IO Thread #0/INFO]: [sabe_zitsuoEX|/[0:0:0:0:0:0:0:1%0]:60246] <-> ServerConnector [lobby] has connected
[04:56:27] [Netty Worker IO Thread #0/INFO]: [sabe_zitsuoEX] disconnected with: Kicked by an operator.
[04:56:27] [Netty Worker IO Thread #0/INFO]: [/[0:0:0:0:0:0:0:1%0]:60246|sabe_zitsuoEX] -> UpstreamBridge has disconnected
[04:56:27] [Netty Worker IO Thread #0/INFO]: [/[0:0:0:0:0:0:0:1%0]:60246|sabe_zitsuoEX] <-> DownstreamBridge <-> [lobby] has disconnected
[04:56:42] [Netty Worker IO Thread #3/INFO] [EaglercraftXBungee]: [/[0:0:0:0:0:0:0:1%0]:45834]: Connected via websocket
[04:56:42] [Netty Worker IO Thread #3/INFO] [EaglercraftXBungee]: [/[0:0:0:0:0:0:0:1%0]:45834]: Origin header is https://eaglercraftx1-8.github.io
[04:56:43] [Netty Worker IO Thread #3/INFO] [EaglercraftXBungee]: [/[0:0:0:0:0:0:0:1%0]:45834]: Logged in as 'sabe_zitsuoEX'
[04:56:43] [Netty Worker IO Thread #3/INFO]: [/[0:0:0:0:0:0:0:1%0]:45834|sabe_zitsuoEX] -> UpstreamBridge has connected
[04:56:43] [Netty Worker IO Thread #3/INFO]: [sabe_zitsuoEX|/[0:0:0:0:0:0:0:1%0]:45834] <-> ServerConnector [lobby] has connected
[04:56:45] [Netty Worker IO Thread #3/INFO]: [sabe_zitsuoEX] disconnected with: Kicked by an operator.
[04:56:45] [Netty Worker IO Thread #3/INFO]: [/[0:0:0:0:0:0:0:1%0]:45834|sabe_zitsuoEX] -> UpstreamBridge has disconnected
[04:56:45] [Netty Worker IO Thread #3/INFO]: [/[0:0:0:0:0:0:0:1%0]:45834|sabe_zitsuoEX] <-> DownstreamBridge <-> [lobby] has disconnected
[04:56:51] [Netty Worker IO Thread #1/INFO] [EaglercraftXBungee]: [/[0:0:0:0:0:0:0:1%0]:50314]: Connected via websocket
[04:56:51] [Netty Worker IO Thread #1/INFO] [EaglercraftXBungee]: [/[0:0:0:0:0:0:0:1%0]:50314]: Origin header is https://eaglercraftx1-8.github.io
[04:56:52] [Netty Worker IO Thread #1/INFO] [EaglercraftXBungee]: [/[0:0:0:0:0:0:0:1%0]:50314]: Logged in as 'sabe_zitsuoEX'
[04:56:52] [Netty Worker IO Thread #1/INFO]: [/[0:0:0:0:0:0:0:1%0]:50314|sabe_zitsuoEX] -> UpstreamBridge has connected
[04:56:52] [Netty Worker IO Thread #1/INFO]: [sabe_zitsuoEX|/[0:0:0:0:0:0:0:1%0]:50314] <-> ServerConnector [lobby] has connected
[04:56:54] [Netty Worker IO Thread #1/INFO]: [sabe_zitsuoEX] disconnected with: Kicked by an operator.
[04:56:54] [Netty Worker IO Thread #1/INFO]: [/[0:0:0:0:0:0:0:1%0]:50314|sabe_zitsuoEX] -> UpstreamBridge has disconnected
[04:56:54] [Netty Worker IO Thread #1/INFO]: [/[0:0:0:0:0:0:0:1%0]:50314|sabe_zitsuoEX] <-> DownstreamBridge <-> [lobby] has disconnected
[04:56:57] [Netty Worker IO Thread #2/INFO] [EaglercraftXBungee]: [/[0:0:0:0:0:0:0:1%0]:58152]: Connected via websocket
[04:56:57] [Netty Worker IO Thread #2/INFO] [EaglercraftXBungee]: [/[0:0:0:0:0:0:0:1%0]:58152]: Origin header is https://eaglercraftx1-8.github.io
[04:56:57] [Netty Worker IO Thread #2/INFO] [EaglercraftXBungee]: [/[0:0:0:0:0:0:0:1%0]:58152]: Logged in as 'sabe_zitsuoEX'
[04:56:57] [Netty Worker IO Thread #2/INFO]: [/[0:0:0:0:0:0:0:1%0]:58152|sabe_zitsuoEX] -> UpstreamBridge has connected
[04:56:57] [Netty Worker IO Thread #2/INFO]: [sabe_zitsuoEX|/[0:0:0:0:0:0:0:1%0]:58152] <-> ServerConnector [lobby] has connected
[04:56:59] [Netty Worker IO Thread #2/INFO]: [sabe_zitsuoEX] disconnected with: Kicked by an operator.
[04:56:59] [Netty Worker IO Thread #2/INFO]: [/[0:0:0:0:0:0:0:1%0]:58152|sabe_zitsuoEX] -> UpstreamBridge has disconnected
[04:56:59] [Netty Worker IO Thread #2/INFO]: [/[0:0:0:0:0:0:0:1%0]:58152|sabe_zitsuoEX] <-> DownstreamBridge <-> [lobby] has disconnected
[04:57:04] [Netty Worker IO Thread #3/INFO] [EaglercraftXBungee]: [/[0:0:0:0:0:0:0:1%0]:58154]: Connected via websocket
[04:57:04] [Netty Worker IO Thread #3/INFO] [EaglercraftXBungee]: [/[0:0:0:0:0:0:0:1%0]:58154]: Origin header is https://eaglercraftx1-8.github.io
[04:57:05] [Netty Worker IO Thread #3/INFO] [EaglercraftXBungee]: [/[0:0:0:0:0:0:0:1%0]:58154]: Logged in as 'sabe_zitsuoEX'
[04:57:05] [Netty Worker IO Thread #3/INFO]: [/[0:0:0:0:0:0:0:1%0]:58154|sabe_zitsuoEX] -> UpstreamBridge has connected
[04:57:05] [Netty Worker IO Thread #3/INFO]: [sabe_zitsuoEX|/[0:0:0:0:0:0:0:1%0]:58154] <-> ServerConnector [lobby] has connected
[04:57:06] [Netty Worker IO Thread #3/INFO]: [sabe_zitsuoEX] disconnected with: Kicked by an operator.
[04:57:06] [Netty Worker IO Thread #3/INFO]: [/[0:0:0:0:0:0:0:1%0]:58154|sabe_zitsuoEX] -> UpstreamBridge has disconnected
[04:57:06] [Netty Worker IO Thread #3/INFO]: [/[0:0:0:0:0:0:0:1%0]:58154|sabe_zitsuoEX] <-> DownstreamBridge <-> [lobby] has disconnected
[04:57:12] [Netty Worker IO Thread #0/INFO] [EaglercraftXBungee]: [/[0:0:0:0:0:0:0:1%0]:44662]: Connected via websocket
[04:57:12] [Netty Worker IO Thread #0/INFO] [EaglercraftXBungee]: [/[0:0:0:0:0:0:0:1%0]:44662]: Origin header is https://eaglercraftx1-8.github.io
[04:57:13] [Netty Worker IO Thread #0/INFO] [EaglercraftXBungee]: [/[0:0:0:0:0:0:0:1%0]:44662]: Logged in as 'sabe_zitsuoEX'
[04:57:13] [Netty Worker IO Thread #0/INFO]: [/[0:0:0:0:0:0:0:1%0]:44662|sabe_zitsuoEX] -> UpstreamBridge has connected
[04:57:13] [Netty Worker IO Thread #0/INFO]: [sabe_zitsuoEX|/[0:0:0:0:0:0:0:1%0]:44662] <-> ServerConnector [lobby] has connected
[04:57:16] [Netty Worker IO Thread #0/INFO]: [sabe_zitsuoEX] disconnected with: You are banned from this server.
[04:57:16] [Netty Worker IO Thread #0/INFO]: [/[0:0:0:0:0:0:0:1%0]:44662|sabe_zitsuoEX] -> UpstreamBridge has disconnected
[04:57:16] [Netty Worker IO Thread #0/INFO]: [/[0:0:0:0:0:0:0:1%0]:44662|sabe_zitsuoEX] <-> DownstreamBridge <-> [lobby] has disconnected
[04:57:24] [Netty Worker IO Thread #1/INFO] [EaglercraftXBungee]: [/[0:0:0:0:0:0:0:1%0]:34632]: Connected via websocket
[04:57:24] [Netty Worker IO Thread #1/INFO] [EaglercraftXBungee]: [/[0:0:0:0:0:0:0:1%0]:34632]: Origin header is https://eaglercraftx1-8.github.io
[04:57:24] [Netty Worker IO Thread #1/INFO] [EaglercraftXBungee]: [/[0:0:0:0:0:0:0:1%0]:34632]: Logged in as 'sabe_zitsuoEX'
[04:57:24] [Netty Worker IO Thread #1/INFO]: [/[0:0:0:0:0:0:0:1%0]:34632|sabe_zitsuoEX] -> UpstreamBridge has connected
[04:57:24] [Netty Worker IO Thread #1/INFO]: [sabe_zitsuoEX|/[0:0:0:0:0:0:0:1%0]:34632] <-> ServerConnector [lobby] has connected
[04:57:24] [Netty Worker IO Thread #1/INFO]: [sabe_zitsuoEX] disconnected with: Kicked whilst connecting to lobby: You are banned from this server!
Reason: Banned by an operator.
[04:57:24] [Netty Worker IO Thread #1/INFO]: [/[0:0:0:0:0:0:0:1%0]:34632|sabe_zitsuoEX] -> UpstreamBridge has disconnected
[04:57:24] [Netty Worker IO Thread #1/INFO]: [sabe_zitsuoEX|/[0:0:0:0:0:0:0:1%0]:34632] <-> ServerConnector [lobby] has disconnected
[04:57:33] [Netty Worker IO Thread #3/INFO] [EaglercraftXBungee]: [/[0:0:0:0:0:0:0:1%0]:39376]: Connected via websocket
[04:57:33] [Netty Worker IO Thread #3/INFO] [EaglercraftXBungee]: [/[0:0:0:0:0:0:0:1%0]:39376]: Origin header is https://eaglercraftx1-8.github.io
[04:57:33] [Netty Worker IO Thread #3/INFO] [EaglercraftXBungee]: [/[0:0:0:0:0:0:0:1%0]:39376]: Logged in as 'sabe_zitsuoEX'
[04:57:33] [Netty Worker IO Thread #3/INFO]: [/[0:0:0:0:0:0:0:1%0]:39376|sabe_zitsuoEX] -> UpstreamBridge has connected
[04:57:33] [Netty Worker IO Thread #3/INFO]: [sabe_zitsuoEX|/[0:0:0:0:0:0:0:1%0]:39376] <-> ServerConnector [lobby] has connected
[04:57:34] [Netty Worker IO Thread #3/INFO]: [sabe_zitsuoEX] disconnected with: Kicked whilst connecting to lobby: You are banned from this server!
Reason: Banned by an operator.
[04:57:34] [Netty Worker IO Thread #3/INFO]: [/[0:0:0:0:0:0:0:1%0]:39376|sabe_zitsuoEX] -> UpstreamBridge has disconnected
[04:57:34] [Netty Worker IO Thread #3/INFO]: [sabe_zitsuoEX|/[0:0:0:0:0:0:0:1%0]:39376] <-> ServerConnector [lobby] has disconnected
[05:04:10] [Netty Worker IO Thread #1/INFO] [EaglercraftXBungee]: [/[0:0:0:0:0:0:0:1%0]:56928]: Connected via websocket
[05:04:10] [Netty Worker IO Thread #1/INFO] [EaglercraftXBungee]: [/[0:0:0:0:0:0:0:1%0]:56928]: Origin header is https://eaglercraftx1-8.github.io
[05:04:10] [Netty Worker IO Thread #1/INFO] [EaglercraftXBungee]: [/[0:0:0:0:0:0:0:1%0]:56928]: Logged in as 'sabe_zitsuoEX'
[05:04:10] [Netty Worker IO Thread #1/INFO]: [/[0:0:0:0:0:0:0:1%0]:56928|sabe_zitsuoEX] -> UpstreamBridge has connected
[05:04:11] [Netty Worker IO Thread #1/INFO]: [sabe_zitsuoEX|/[0:0:0:0:0:0:0:1%0]:56928] <-> ServerConnector [lobby] has connected
[05:04:11] [Netty Worker IO Thread #1/INFO]: [sabe_zitsuoEX] disconnected with: Kicked whilst connecting to lobby: You are banned from this server!
Reason: Banned by an operator.
[05:04:11] [Netty Worker IO Thread #1/INFO]: [/[0:0:0:0:0:0:0:1%0]:56928|sabe_zitsuoEX] -> UpstreamBridge has disconnected
[05:04:11] [Netty Worker IO Thread #1/INFO]: [sabe_zitsuoEX|/[0:0:0:0:0:0:0:1%0]:56928] <-> ServerConnector [lobby] has disconnected
[05:17:26] [Netty Worker IO Thread #2/INFO]: [/[0:0:0:0:0:0:0:1%0]:53226|TINED] -> UpstreamBridge has disconnected
[05:17:26] [Netty Worker IO Thread #2/INFO]: [TINED] disconnected with: Proxy lost connection to server.
[05:17:26] [Netty Worker IO Thread #2/INFO]: [/[0:0:0:0:0:0:0:1%0]:53226|TINED] <-> DownstreamBridge <-> [lobby] has disconnected
[05:18:01] [Netty Worker IO Thread #3/INFO] [EaglercraftXBungee]: [/[0:0:0:0:0:0:0:1%0]:55238]: Connected via websocket
[05:18:01] [Netty Worker IO Thread #3/INFO] [EaglercraftXBungee]: [/[0:0:0:0:0:0:0:1%0]:55238]: Origin header is https://reslauncher4.vercel.app
[05:18:02] [Netty Worker IO Thread #3/INFO] [EaglercraftXBungee]: [/[0:0:0:0:0:0:0:1%0]:55238]: Logged in as 'TINED'
[05:18:02] [Netty Worker IO Thread #3/INFO]: [/[0:0:0:0:0:0:0:1%0]:55238|TINED] -> UpstreamBridge has connected
[05:18:02] [Netty Worker IO Thread #3/INFO]: [TINED|/[0:0:0:0:0:0:0:1%0]:55238] <-> ServerConnector [lobby] has connected
[06:27:26] [Netty Worker IO Thread #3/INFO]: [/[0:0:0:0:0:0:0:1%0]:55238|TINED] -> UpstreamBridge has disconnected
[06:27:26] [Netty Worker IO Thread #3/INFO]: [TINED] disconnected with: Proxy lost connection to server.
[06:27:26] [Netty Worker IO Thread #3/INFO]: [/[0:0:0:0:0:0:0:1%0]:55238|TINED] <-> DownstreamBridge <-> [lobby] has disconnected
